Using pre-set license
Built from '2022.3/staging' branch; Version is '2022.3.50f1 (c3db7f8bf9b1) revision 12835711'; Using compiler version '192829333'; Build Type 'Release'
OS: 'Windows 10  (10.0.19045) 64bit Professional' Language: 'ru' Physical Memory: 16085 MB
BatchMode: 1, IsHumanControllingUs: 0, StartBugReporterOnCrash: 0, Is64bit: 1, IsPro: 1

COMMAND LINE ARGUMENTS:
C:\Program Files\Unity\Hub\Editor\2022.3.50f1\Editor\Unity.exe
-adb2
-batchMode
-noUpm
-name
AssetImportWorker5
-projectPath
C:/Users/SummonFly/UNITY project/DepressionGameProject/Depressive gam
-logFile
Logs/AssetImportWorker5.log
-srvPort
56107
Successfully changed project path to: C:/Users/SummonFly/UNITY project/DepressionGameProject/Depressive gam
C:/Users/SummonFly/UNITY project/DepressionGameProject/Depressive gam
[UnityMemory] Configuration Parameters - Can be set up in boot.config
    "memorysetup-bucket-allocator-granularity=16"
    "memorysetup-bucket-allocator-bucket-count=8"
    "memorysetup-bucket-allocator-block-size=33554432"
    "memorysetup-bucket-allocator-block-count=8"
    "memorysetup-main-allocator-block-size=16777216"
    "memorysetup-thread-allocator-block-size=16777216"
    "memorysetup-gfx-main-allocator-block-size=16777216"
    "memorysetup-gfx-thread-allocator-block-size=16777216"
    "memorysetup-cache-allocator-block-size=4194304"
    "memorysetup-typetree-allocator-block-size=2097152"
    "memorysetup-profiler-bucket-allocator-granularity=16"
    "memorysetup-profiler-bucket-allocator-bucket-count=8"
    "memorysetup-profiler-bucket-allocator-block-size=33554432"
    "memorysetup-profiler-bucket-allocator-block-count=8"
    "memorysetup-profiler-allocator-block-size=16777216"
    "memorysetup-profiler-editor-allocator-block-size=1048576"
    "memorysetup-temp-allocator-size-main=16777216"
    "memorysetup-job-temp-allocator-block-size=2097152"
    "memorysetup-job-temp-allocator-block-size-background=1048576"
    "memorysetup-job-temp-allocator-reduction-small-platforms=262144"
    "memorysetup-allocator-temp-initial-block-size-main=262144"
    "memorysetup-allocator-temp-initial-block-size-worker=262144"
    "memorysetup-temp-allocator-size-background-worker=32768"
    "memorysetup-temp-allocator-size-job-worker=262144"
    "memorysetup-temp-allocator-size-preload-manager=33554432"
    "memorysetup-temp-allocator-size-nav-mesh-worker=65536"
    "memorysetup-temp-allocator-size-audio-worker=65536"
    "memorysetup-temp-allocator-size-cloud-worker=32768"
    "memorysetup-temp-allocator-size-gi-baking-worker=262144"
    "memorysetup-temp-allocator-size-gfx=262144"
Player connection [12164]  Target information:

Player connection [12164]  * "[IP] 172.28.112.1 [Port] 0 [Flags] 2 [Guid] 2392586697 [EditorId] 2392586697 [Version] 1048832 [Id] WindowsEditor(7,FlyMachine) [Debug] 1 [PackageName] WindowsEditor [ProjectName] Editor" 

Player connection [12164]  * "[IP] 192.168.56.1 [Port] 0 [Flags] 2 [Guid] 2392586697 [EditorId] 2392586697 [Version] 1048832 [Id] WindowsEditor(7,FlyMachine) [Debug] 1 [PackageName] WindowsEditor [ProjectName] Editor" 

Player connection [12164]  * "[IP] 172.21.0.1 [Port] 0 [Flags] 2 [Guid] 2392586697 [EditorId] 2392586697 [Version] 1048832 [Id] WindowsEditor(7,FlyMachine) [Debug] 1 [PackageName] WindowsEditor [ProjectName] Editor" 

Player connection [12164]  * "[IP] 172.19.144.1 [Port] 0 [Flags] 2 [Guid] 2392586697 [EditorId] 2392586697 [Version] 1048832 [Id] WindowsEditor(7,FlyMachine) [Debug] 1 [PackageName] WindowsEditor [ProjectName] Editor" 

Player connection [12164]  * "[IP] 172.28.48.1 [Port] 0 [Flags] 2 [Guid] 2392586697 [EditorId] 2392586697 [Version] 1048832 [Id] WindowsEditor(7,FlyMachine) [Debug] 1 [PackageName] WindowsEditor [ProjectName] Editor" 

Player connection [12164]  * "[IP] 172.16.0.2 [Port] 0 [Flags] 2 [Guid] 2392586697 [EditorId] 2392586697 [Version] 1048832 [Id] WindowsEditor(7,FlyMachine) [Debug] 1 [PackageName] WindowsEditor [ProjectName] Editor" 

Player connection [12164]  * "[IP] 192.168.43.245 [Port] 0 [Flags] 2 [Guid] 2392586697 [EditorId] 2392586697 [Version] 1048832 [Id] WindowsEditor(7,FlyMachine) [Debug] 1 [PackageName] WindowsEditor [ProjectName] Editor" 

Player connection [12164] Host joined multi-casting on [225.0.0.222:54997]...
Player connection [12164] Host joined alternative multi-casting on [225.0.0.222:34997]...
[PhysX] Initialized MultithreadedTaskDispatcher with 16 workers.
Refreshing native plugins compatible for Editor in 57.03 ms, found 4 plugins.
Preloading 0 native plugins for Editor in 0.00 ms.
Initialize engine version: 2022.3.50f1 (c3db7f8bf9b1)
[Subsystems] Discovering subsystems at path C:/Program Files/Unity/Hub/Editor/2022.3.50f1/Editor/Data/Resources/UnitySubsystems
[Subsystems] Discovering subsystems at path C:/Users/SummonFly/UNITY project/DepressionGameProject/Depressive gam/Assets
GfxDevice: creating device client; threaded=0; jobified=0
Direct3D:
    Version:  Direct3D 11.0 [level 11.1]
    Renderer: NVIDIA GeForce RTX 3050 Ti Laptop GPU (ID=0x25a0)
    Vendor:   NVIDIA
    VRAM:     3962 MB
    Driver:   32.0.15.6590
Initialize mono
Mono path[0] = 'C:/Program Files/Unity/Hub/Editor/2022.3.50f1/Editor/Data/Managed'
Mono path[1] = 'C:/Program Files/Unity/Hub/Editor/2022.3.50f1/Editor/Data/MonoBleedingEdge/lib/mono/unityjit-win32'
Mono config path = 'C:/Program Files/Unity/Hub/Editor/2022.3.50f1/Editor/Data/MonoBleedingEdge/etc'
Using monoOptions --debugger-agent=transport=dt_socket,embedding=1,server=y,suspend=n,address=127.0.0.1:56728
Begin MonoManager ReloadAssembly
Registering precompiled unity dll's ...
Register platform support module: C:/Program Files/Unity/Hub/Editor/2022.3.50f1/Editor/Data/PlaybackEngines/WindowsStandaloneSupport/UnityEditor.WindowsStandalone.Extensions.dll
Register platform support module: C:/Program Files/Unity/Hub/Editor/2022.3.50f1/Editor/Data/PlaybackEngines/MetroSupport/UnityEditor.UWP.Extensions.dll
Registered in 0.048597 seconds.
- Loaded All Assemblies, in  1.599 seconds
Native extension for UWP target not found
Native extension for WindowsStandalone target not found
Mono: successfully reloaded assembly
- Finished resetting the current domain, in  1.283 seconds
Domain Reload Profiling: 2873ms
	BeginReloadAssembly (500ms)
		ExecutionOrderSort (0ms)
		DisableScriptedObjects (0ms)
		BackupInstance (0ms)
		ReleaseScriptingObjects (0ms)
		CreateAndSetChildDomain (3ms)
	RebuildCommonClasses (159ms)
	RebuildNativeTypeToScriptingClass (41ms)
	initialDomainReloadingComplete (287ms)
	LoadAllAssembliesAndSetupDomain (601ms)
		LoadAssemblies (491ms)
		RebuildTransferFunctionScriptingTraits (0ms)
		AnalyzeDomain (593ms)
			TypeCache.Refresh (586ms)
				TypeCache.ScanAssembly (529ms)
			ScanForSourceGeneratedMonoScriptInfo (2ms)
			ResolveRequiredComponents (3ms)
	FinalizeReload (1285ms)
		ReleaseScriptCaches (0ms)
		RebuildScriptCaches (0ms)
		SetupLoadedEditorAssemblies (1016ms)
			LogAssemblyErrors (0ms)
			InitializePlatformSupportModulesInManaged (46ms)
			SetLoadedEditorAssemblies (31ms)
			RefreshPlugins (0ms)
			BeforeProcessingInitializeOnLoad (10ms)
			ProcessInitializeOnLoadAttributes (709ms)
			ProcessInitializeOnLoadMethodAttributes (220ms)
			AfterProcessingInitializeOnLoad (0ms)
			EditorAssembliesLoaded (1ms)
		ExecutionOrderSort2 (0ms)
		AwakeInstancesAfterBackupRestoration (0ms)
========================================================================
Worker process is ready to serve import requests
Caller must complete domain reload
Begin MonoManager ReloadAssembly
- Loaded All Assemblies, in  3.417 seconds
Native extension for UWP target not found
Native extension for WindowsStandalone target not found
Package Manager log level set to [2]
[Package Manager] Server::EnsureServerProcessIsRunning -- launch failed, reason: Unity was launched with the -noUpm command-line argument
[Package Manager] UpmClient::Send -- Unable to send message (not connected to UPM process).
[Package Manager] Cannot connect to Unity Package Manager local server
Mono: successfully reloaded assembly
- Finished resetting the current domain, in  3.949 seconds
Domain Reload Profiling: 7350ms
	BeginReloadAssembly (654ms)
		ExecutionOrderSort (0ms)
		DisableScriptedObjects (27ms)
		BackupInstance (0ms)
		ReleaseScriptingObjects (0ms)
		CreateAndSetChildDomain (97ms)
	RebuildCommonClasses (159ms)
	RebuildNativeTypeToScriptingClass (49ms)
	initialDomainReloadingComplete (175ms)
	LoadAllAssembliesAndSetupDomain (2362ms)
		LoadAssemblies (1868ms)
		RebuildTransferFunctionScriptingTraits (0ms)
		AnalyzeDomain (881ms)
			TypeCache.Refresh (722ms)
				TypeCache.ScanAssembly (661ms)
			ScanForSourceGeneratedMonoScriptInfo (132ms)
			ResolveRequiredComponents (23ms)
	FinalizeReload (3951ms)
		ReleaseScriptCaches (0ms)
		RebuildScriptCaches (0ms)
		SetupLoadedEditorAssemblies (3187ms)
			LogAssemblyErrors (0ms)
			InitializePlatformSupportModulesInManaged (32ms)
			SetLoadedEditorAssemblies (26ms)
			RefreshPlugins (0ms)
			BeforeProcessingInitializeOnLoad (591ms)
			ProcessInitializeOnLoadAttributes (2375ms)
			ProcessInitializeOnLoadMethodAttributes (126ms)
			AfterProcessingInitializeOnLoad (36ms)
			EditorAssembliesLoaded (1ms)
		ExecutionOrderSort2 (0ms)
		AwakeInstancesAfterBackupRestoration (23ms)
Launched and connected shader compiler UnityShaderCompiler.exe after 0.18 seconds
Refreshing native plugins compatible for Editor in 20.30 ms, found 4 plugins.
Preloading 0 native plugins for Editor in 0.00 ms.
Unloading 4383 Unused Serialized files (Serialized files now loaded: 0)
Unloading 42 unused Assets / (241.8 KB). Loaded Objects now: 4867.
Memory consumption went from 156.4 MB to 156.2 MB.
Total: 11.574300 ms (FindLiveObjects: 0.586100 ms CreateObjectMapping: 0.392200 ms MarkObjects: 10.100300 ms  DeleteObjects: 0.493400 ms)

AssetImportParameters requested are different than current active one (requested -> active):
  custom:container-demuxer-ogg: 62fdf1f143b41e24485cea50d1cbac27 -> 
  custom:video-decoder-ogg-theora: a1e56fd34408186e4bbccfd4996cb3dc -> 
  custom:framework-win-MediaFoundation: 216162199b28c13a410421893ffa2e32 -> 
  custom:CustomObjectIndexerAttribute: 9a22284fe3817be447336de3de66b15e -> 
  custom:container-demuxer-webm: 4f35f7cbe854078d1ac9338744f61a02 -> 
  custom:container-muxer-webm: aa71ff27fc2769a1b78a27578f13a17b -> 
  custom:video-decoder-webm-vp8: 9c59270c3fd7afecdb556c50c9e8de78 -> 
  custom:SearchIndexIgnoredProperties: e643bd26f0fe6173181afceb89e7c659 -> 
  custom:AudioImporter_EditorPlatform: d09bf68614088b80899f8185d706f6e7 -> 
  custom:video-encoder-webm-vp8: eb34c28f22e8b96e1ab97ce403110664 -> 
  custom:audio-decoder-ogg-vorbis: bf7c407c2cedff20999df2af8eb42d56 -> 
  custom:audio-encoder-webm-vorbis: bf7c407c2cedff20999df2af8eb42d56 -> 
========================================================================
Received Import Request.
  Time since last request: 263574.018146 seconds.
  path: Assets/Objects/Games/Bad Grade/Prefabs/Cell.prefab
  artifactKey: Guid(d4190dc362d6a2245b22632fd83f8a61) Importer(815301076,1909f56bfc062723c751e8b465ee728b)
Start importing Assets/Objects/Games/Bad Grade/Prefabs/Cell.prefab using Guid(d4190dc362d6a2245b22632fd83f8a61) Importer(815301076,1909f56bfc062723c751e8b465ee728b) [PhysX] Initialized MultithreadedTaskDispatcher with 16 workers.
 -> (artifact id: 'f828705e5d3ebd541144ec80f4502b0f') in 0.165434 seconds
Number of updated asset objects reloaded before import = 0
Number of asset objects unloaded after import = 10
========================================================================
Received Import Request.
  Time since last request: 0.000072 seconds.
  path: Assets/Objects/Games/Bad Grade/Prefabs/Cell (4).prefab
  artifactKey: Guid(b5bc129c16896df4db91ee52891ed469) Importer(815301076,1909f56bfc062723c751e8b465ee728b)
Start importing Assets/Objects/Games/Bad Grade/Prefabs/Cell (4).prefab using Guid(b5bc129c16896df4db91ee52891ed469) Importer(815301076,1909f56bfc062723c751e8b465ee728b) [PhysX] Initialized MultithreadedTaskDispatcher with 16 workers.
 -> (artifact id: '8c840548e1a3fd5a4836b5a52622c215') in 0.009712 seconds
Number of updated asset objects reloaded before import = 0
Number of asset objects unloaded after import = 10
========================================================================
Received Import Request.
  Time since last request: 0.000068 seconds.
  path: Assets/Objects/Games/Bad Grade/Prefabs/Cell (7).prefab
  artifactKey: Guid(833829674c12a314f9a0cbb1f797a2e5) Importer(815301076,1909f56bfc062723c751e8b465ee728b)
Start importing Assets/Objects/Games/Bad Grade/Prefabs/Cell (7).prefab using Guid(833829674c12a314f9a0cbb1f797a2e5) Importer(815301076,1909f56bfc062723c751e8b465ee728b) [PhysX] Initialized MultithreadedTaskDispatcher with 16 workers.
 -> (artifact id: 'c54e475c7e41a1916c0fbd9d9c48374f') in 0.009224 seconds
Number of updated asset objects reloaded before import = 0
Number of asset objects unloaded after import = 10
========================================================================
Received Import Request.
  Time since last request: 0.000096 seconds.
  path: Assets/Objects/Games/Bad Grade/Prefabs/Cell (12).prefab
  artifactKey: Guid(f8ff111357b00554590e3c8a931a7bfd) Importer(815301076,1909f56bfc062723c751e8b465ee728b)
Start importing Assets/Objects/Games/Bad Grade/Prefabs/Cell (12).prefab using Guid(f8ff111357b00554590e3c8a931a7bfd) Importer(815301076,1909f56bfc062723c751e8b465ee728b) [PhysX] Initialized MultithreadedTaskDispatcher with 16 workers.
 -> (artifact id: '50d832754e2e82353c0285443d4ffe9e') in 0.007041 seconds
Number of updated asset objects reloaded before import = 0
Number of asset objects unloaded after import = 10
========================================================================
Received Import Request.
  Time since last request: 0.000048 seconds.
  path: Assets/Objects/Games/Bad Grade/Prefabs/Cell (9).prefab
  artifactKey: Guid(9e574aa484d54c34a84945687107ed1f) Importer(815301076,1909f56bfc062723c751e8b465ee728b)
Start importing Assets/Objects/Games/Bad Grade/Prefabs/Cell (9).prefab using Guid(9e574aa484d54c34a84945687107ed1f) Importer(815301076,1909f56bfc062723c751e8b465ee728b) [PhysX] Initialized MultithreadedTaskDispatcher with 16 workers.
 -> (artifact id: '321bfa449745230539c5319c025bb4ca') in 0.006962 seconds
Number of updated asset objects reloaded before import = 0
Number of asset objects unloaded after import = 10
========================================================================
Received Import Request.
  Time since last request: 0.000049 seconds.
  path: Assets/Objects/Games/Bad Grade/Prefabs/Cell (2).prefab
  artifactKey: Guid(62760f865b5609041a6cf5268a2c7a7d) Importer(815301076,1909f56bfc062723c751e8b465ee728b)
Start importing Assets/Objects/Games/Bad Grade/Prefabs/Cell (2).prefab using Guid(62760f865b5609041a6cf5268a2c7a7d) Importer(815301076,1909f56bfc062723c751e8b465ee728b) [PhysX] Initialized MultithreadedTaskDispatcher with 16 workers.
 -> (artifact id: 'fca81212a6ecb03344fc70ac584b2ddf') in 0.010270 seconds
Number of updated asset objects reloaded before import = 0
Number of asset objects unloaded after import = 10
========================================================================
Received Import Request.
  Time since last request: 0.000073 seconds.
  path: Assets/Objects/Games/Bad Grade/Prefabs/Cell (11).prefab
  artifactKey: Guid(34aa4d63a5fd6324cb44aef510aa2a4e) Importer(815301076,1909f56bfc062723c751e8b465ee728b)
Start importing Assets/Objects/Games/Bad Grade/Prefabs/Cell (11).prefab using Guid(34aa4d63a5fd6324cb44aef510aa2a4e) Importer(815301076,1909f56bfc062723c751e8b465ee728b) [PhysX] Initialized MultithreadedTaskDispatcher with 16 workers.
 -> (artifact id: '3b300e0e47d05bc9e63c46476ebca4ac') in 0.010240 seconds
Number of updated asset objects reloaded before import = 0
Number of asset objects unloaded after import = 10
Editor requested this worker to shutdown with reason: Scaling down because of idle timeout
TcpMessagingSession - receive error: operation aborted. errorcode: 995, details: ќпераци€ ввода/вывода была прервана из-за завершени€ потока команд или по запросу приложени€.
AssetImportWorker is now disconnected from the server
Process exiting
Exiting without the bug reporter. Application will terminate with return code 0