Using pre-set license
Built from '2022.3/staging' branch; Version is '2022.3.50f1 (c3db7f8bf9b1) revision 12835711'; Using compiler version '192829333'; Build Type 'Release'
OS: 'Windows 10  (10.0.19045) 64bit Professional' Language: 'ru' Physical Memory: 16085 MB
BatchMode: 1, IsHumanControllingUs: 0, StartBugReporterOnCrash: 0, Is64bit: 1, IsPro: 1

COMMAND LINE ARGUMENTS:
C:\Program Files\Unity\Hub\Editor\2022.3.50f1\Editor\Unity.exe
-adb2
-batchMode
-noUpm
-name
AssetImportWorker10
-projectPath
C:/Users/SummonFly/UNITY project/DepressionGameProject/Depressive gam
-logFile
Logs/AssetImportWorker10.log
-srvPort
56107
Successfully changed project path to: C:/Users/SummonFly/UNITY project/DepressionGameProject/Depressive gam
C:/Users/SummonFly/UNITY project/DepressionGameProject/Depressive gam
[UnityMemory] Configuration Parameters - Can be set up in boot.config
    "memorysetup-bucket-allocator-granularity=16"
    "memorysetup-bucket-allocator-bucket-count=8"
    "memorysetup-bucket-allocator-block-size=33554432"
    "memorysetup-bucket-allocator-block-count=8"
    "memorysetup-main-allocator-block-size=16777216"
    "memorysetup-thread-allocator-block-size=16777216"
    "memorysetup-gfx-main-allocator-block-size=16777216"
    "memorysetup-gfx-thread-allocator-block-size=16777216"
    "memorysetup-cache-allocator-block-size=4194304"
    "memorysetup-typetree-allocator-block-size=2097152"
    "memorysetup-profiler-bucket-allocator-granularity=16"
    "memorysetup-profiler-bucket-allocator-bucket-count=8"
    "memorysetup-profiler-bucket-allocator-block-size=33554432"
    "memorysetup-profiler-bucket-allocator-block-count=8"
    "memorysetup-profiler-allocator-block-size=16777216"
    "memorysetup-profiler-editor-allocator-block-size=1048576"
    "memorysetup-temp-allocator-size-main=16777216"
    "memorysetup-job-temp-allocator-block-size=2097152"
    "memorysetup-job-temp-allocator-block-size-background=1048576"
    "memorysetup-job-temp-allocator-reduction-small-platforms=262144"
    "memorysetup-allocator-temp-initial-block-size-main=262144"
    "memorysetup-allocator-temp-initial-block-size-worker=262144"
    "memorysetup-temp-allocator-size-background-worker=32768"
    "memorysetup-temp-allocator-size-job-worker=262144"
    "memorysetup-temp-allocator-size-preload-manager=33554432"
    "memorysetup-temp-allocator-size-nav-mesh-worker=65536"
    "memorysetup-temp-allocator-size-audio-worker=65536"
    "memorysetup-temp-allocator-size-cloud-worker=32768"
    "memorysetup-temp-allocator-size-gi-baking-worker=262144"
    "memorysetup-temp-allocator-size-gfx=262144"
Player connection [20136]  Target information:

Player connection [20136]  * "[IP] 172.28.112.1 [Port] 0 [Flags] 2 [Guid] 1345211654 [EditorId] 1345211654 [Version] 1048832 [Id] WindowsEditor(7,FlyMachine) [Debug] 1 [PackageName] WindowsEditor [ProjectName] Editor" 

Player connection [20136]  * "[IP] 192.168.56.1 [Port] 0 [Flags] 2 [Guid] 1345211654 [EditorId] 1345211654 [Version] 1048832 [Id] WindowsEditor(7,FlyMachine) [Debug] 1 [PackageName] WindowsEditor [ProjectName] Editor" 

Player connection [20136]  * "[IP] 172.21.0.1 [Port] 0 [Flags] 2 [Guid] 1345211654 [EditorId] 1345211654 [Version] 1048832 [Id] WindowsEditor(7,FlyMachine) [Debug] 1 [PackageName] WindowsEditor [ProjectName] Editor" 

Player connection [20136]  * "[IP] 172.19.144.1 [Port] 0 [Flags] 2 [Guid] 1345211654 [EditorId] 1345211654 [Version] 1048832 [Id] WindowsEditor(7,FlyMachine) [Debug] 1 [PackageName] WindowsEditor [ProjectName] Editor" 

Player connection [20136]  * "[IP] 172.28.48.1 [Port] 0 [Flags] 2 [Guid] 1345211654 [EditorId] 1345211654 [Version] 1048832 [Id] WindowsEditor(7,FlyMachine) [Debug] 1 [PackageName] WindowsEditor [ProjectName] Editor" 

Player connection [20136]  * "[IP] 172.16.0.2 [Port] 0 [Flags] 2 [Guid] 1345211654 [EditorId] 1345211654 [Version] 1048832 [Id] WindowsEditor(7,FlyMachine) [Debug] 1 [PackageName] WindowsEditor [ProjectName] Editor" 

Player connection [20136]  * "[IP] 192.168.43.245 [Port] 0 [Flags] 2 [Guid] 1345211654 [EditorId] 1345211654 [Version] 1048832 [Id] WindowsEditor(7,FlyMachine) [Debug] 1 [PackageName] WindowsEditor [ProjectName] Editor" 

Player connection [20136] Host joined multi-casting on [225.0.0.222:54997]...
Player connection [20136] Host joined alternative multi-casting on [225.0.0.222:34997]...
[PhysX] Initialized MultithreadedTaskDispatcher with 16 workers.
Refreshing native plugins compatible for Editor in 70.14 ms, found 4 plugins.
Preloading 0 native plugins for Editor in 0.00 ms.
Initialize engine version: 2022.3.50f1 (c3db7f8bf9b1)
[Subsystems] Discovering subsystems at path C:/Program Files/Unity/Hub/Editor/2022.3.50f1/Editor/Data/Resources/UnitySubsystems
[Subsystems] Discovering subsystems at path C:/Users/SummonFly/UNITY project/DepressionGameProject/Depressive gam/Assets
GfxDevice: creating device client; threaded=0; jobified=0
Direct3D:
    Version:  Direct3D 11.0 [level 11.1]
    Renderer: NVIDIA GeForce RTX 3050 Ti Laptop GPU (ID=0x25a0)
    Vendor:   NVIDIA
    VRAM:     3962 MB
    Driver:   32.0.15.6590
Initialize mono
Mono path[0] = 'C:/Program Files/Unity/Hub/Editor/2022.3.50f1/Editor/Data/Managed'
Mono path[1] = 'C:/Program Files/Unity/Hub/Editor/2022.3.50f1/Editor/Data/MonoBleedingEdge/lib/mono/unityjit-win32'
Mono config path = 'C:/Program Files/Unity/Hub/Editor/2022.3.50f1/Editor/Data/MonoBleedingEdge/etc'
Using monoOptions --debugger-agent=transport=dt_socket,embedding=1,server=y,suspend=n,address=127.0.0.1:56024
Begin MonoManager ReloadAssembly
Registering precompiled unity dll's ...
Register platform support module: C:/Program Files/Unity/Hub/Editor/2022.3.50f1/Editor/Data/PlaybackEngines/WindowsStandaloneSupport/UnityEditor.WindowsStandalone.Extensions.dll
Register platform support module: C:/Program Files/Unity/Hub/Editor/2022.3.50f1/Editor/Data/PlaybackEngines/MetroSupport/UnityEditor.UWP.Extensions.dll
Registered in 0.033213 seconds.
- Loaded All Assemblies, in  1.634 seconds
Native extension for UWP target not found
Native extension for WindowsStandalone target not found
Mono: successfully reloaded assembly
- Finished resetting the current domain, in  1.287 seconds
Domain Reload Profiling: 2912ms
	BeginReloadAssembly (482ms)
		ExecutionOrderSort (0ms)
		DisableScriptedObjects (0ms)
		BackupInstance (0ms)
		ReleaseScriptingObjects (0ms)
		CreateAndSetChildDomain (1ms)
	RebuildCommonClasses (172ms)
	RebuildNativeTypeToScriptingClass (40ms)
	initialDomainReloadingComplete (258ms)
	LoadAllAssembliesAndSetupDomain (671ms)
		LoadAssemblies (485ms)
		RebuildTransferFunctionScriptingTraits (0ms)
		AnalyzeDomain (660ms)
			TypeCache.Refresh (655ms)
				TypeCache.ScanAssembly (608ms)
			ScanForSourceGeneratedMonoScriptInfo (1ms)
			ResolveRequiredComponents (2ms)
	FinalizeReload (1289ms)
		ReleaseScriptCaches (0ms)
		RebuildScriptCaches (0ms)
		SetupLoadedEditorAssemblies (1016ms)
			LogAssemblyErrors (0ms)
			InitializePlatformSupportModulesInManaged (69ms)
			SetLoadedEditorAssemblies (28ms)
			RefreshPlugins (0ms)
			BeforeProcessingInitializeOnLoad (8ms)
			ProcessInitializeOnLoadAttributes (701ms)
			ProcessInitializeOnLoadMethodAttributes (210ms)
			AfterProcessingInitializeOnLoad (0ms)
			EditorAssembliesLoaded (1ms)
		ExecutionOrderSort2 (0ms)
		AwakeInstancesAfterBackupRestoration (0ms)
========================================================================
Worker process is ready to serve import requests
Caller must complete domain reload
Begin MonoManager ReloadAssembly
- Loaded All Assemblies, in  3.298 seconds
Native extension for UWP target not found
Native extension for WindowsStandalone target not found
Package Manager log level set to [2]
[Package Manager] Server::EnsureServerProcessIsRunning -- launch failed, reason: Unity was launched with the -noUpm command-line argument
[Package Manager] UpmClient::Send -- Unable to send message (not connected to UPM process).
[Package Manager] Cannot connect to Unity Package Manager local server
Mono: successfully reloaded assembly
- Finished resetting the current domain, in  4.005 seconds
Domain Reload Profiling: 7284ms
	BeginReloadAssembly (592ms)
		ExecutionOrderSort (0ms)
		DisableScriptedObjects (23ms)
		BackupInstance (0ms)
		ReleaseScriptingObjects (0ms)
		CreateAndSetChildDomain (79ms)
	RebuildCommonClasses (190ms)
	RebuildNativeTypeToScriptingClass (47ms)
	initialDomainReloadingComplete (182ms)
	LoadAllAssembliesAndSetupDomain (2266ms)
		LoadAssemblies (1739ms)
		RebuildTransferFunctionScriptingTraits (0ms)
		AnalyzeDomain (883ms)
			TypeCache.Refresh (746ms)
				TypeCache.ScanAssembly (676ms)
			ScanForSourceGeneratedMonoScriptInfo (109ms)
			ResolveRequiredComponents (24ms)
	FinalizeReload (4007ms)
		ReleaseScriptCaches (0ms)
		RebuildScriptCaches (0ms)
		SetupLoadedEditorAssemblies (3238ms)
			LogAssemblyErrors (0ms)
			InitializePlatformSupportModulesInManaged (41ms)
			SetLoadedEditorAssemblies (24ms)
			RefreshPlugins (0ms)
			BeforeProcessingInitializeOnLoad (553ms)
			ProcessInitializeOnLoadAttributes (2416ms)
			ProcessInitializeOnLoadMethodAttributes (176ms)
			AfterProcessingInitializeOnLoad (28ms)
			EditorAssembliesLoaded (1ms)
		ExecutionOrderSort2 (0ms)
		AwakeInstancesAfterBackupRestoration (24ms)
Launched and connected shader compiler UnityShaderCompiler.exe after 0.17 seconds
Refreshing native plugins compatible for Editor in 22.95 ms, found 4 plugins.
Preloading 0 native plugins for Editor in 0.00 ms.
Unloading 4383 Unused Serialized files (Serialized files now loaded: 0)
Unloading 42 unused Assets / (241.7 KB). Loaded Objects now: 4867.
Memory consumption went from 156.3 MB to 156.1 MB.
Total: 15.035600 ms (FindLiveObjects: 0.815600 ms CreateObjectMapping: 0.642700 ms MarkObjects: 13.039100 ms  DeleteObjects: 0.534900 ms)

AssetImportParameters requested are different than current active one (requested -> active):
  custom:container-demuxer-ogg: 62fdf1f143b41e24485cea50d1cbac27 -> 
  custom:video-decoder-ogg-theora: a1e56fd34408186e4bbccfd4996cb3dc -> 
  custom:framework-win-MediaFoundation: 216162199b28c13a410421893ffa2e32 -> 
  custom:CustomObjectIndexerAttribute: 9a22284fe3817be447336de3de66b15e -> 
  custom:container-demuxer-webm: 4f35f7cbe854078d1ac9338744f61a02 -> 
  custom:container-muxer-webm: aa71ff27fc2769a1b78a27578f13a17b -> 
  custom:video-decoder-webm-vp8: 9c59270c3fd7afecdb556c50c9e8de78 -> 
  custom:SearchIndexIgnoredProperties: e643bd26f0fe6173181afceb89e7c659 -> 
  custom:AudioImporter_EditorPlatform: d09bf68614088b80899f8185d706f6e7 -> 
  custom:video-encoder-webm-vp8: eb34c28f22e8b96e1ab97ce403110664 -> 
  custom:audio-decoder-ogg-vorbis: bf7c407c2cedff20999df2af8eb42d56 -> 
  custom:audio-encoder-webm-vorbis: bf7c407c2cedff20999df2af8eb42d56 -> 
========================================================================
Received Import Request.
  Time since last request: 263764.493977 seconds.
  path: Assets/Objects/Games/Boyfriend/Prefabs
  artifactKey: Guid(e615f5da36ef80b4e85c650614fec2b6) Importer(815301076,1909f56bfc062723c751e8b465ee728b)
Start importing Assets/Objects/Games/Boyfriend/Prefabs using Guid(e615f5da36ef80b4e85c650614fec2b6) Importer(815301076,1909f56bfc062723c751e8b465ee728b) [PhysX] Initialized MultithreadedTaskDispatcher with 16 workers.
 -> (artifact id: 'ba1ba1207f02a2630c74a188fe8d25e7') in 0.011050 seconds
Number of updated asset objects reloaded before import = 0
Number of asset objects unloaded after import = 0
========================================================================
Received Import Request.
  Time since last request: 6.182325 seconds.
  path: Assets/Objects/Games/Boyfriend/Prefabs/Cell (14).prefab
  artifactKey: Guid(45edf1d5768af6c47b13ede1027a94cd) Importer(815301076,1909f56bfc062723c751e8b465ee728b)
Start importing Assets/Objects/Games/Boyfriend/Prefabs/Cell (14).prefab using Guid(45edf1d5768af6c47b13ede1027a94cd) Importer(815301076,1909f56bfc062723c751e8b465ee728b) [PhysX] Initialized MultithreadedTaskDispatcher with 16 workers.
 -> (artifact id: '5bd5fb2a5effae4ff962e789d7dd5618') in 0.140177 seconds
Number of updated asset objects reloaded before import = 0
Number of asset objects unloaded after import = 10
========================================================================
Received Import Request.
  Time since last request: 0.000079 seconds.
  path: Assets/Objects/Games/Boyfriend/Prefabs/Cell (11).prefab
  artifactKey: Guid(e721b1afd90d11a45b8f74324170e17a) Importer(815301076,1909f56bfc062723c751e8b465ee728b)
Start importing Assets/Objects/Games/Boyfriend/Prefabs/Cell (11).prefab using Guid(e721b1afd90d11a45b8f74324170e17a) Importer(815301076,1909f56bfc062723c751e8b465ee728b) [PhysX] Initialized MultithreadedTaskDispatcher with 16 workers.
 -> (artifact id: '3b13919af66f5e5c6370f7460c0b7ac3') in 0.010345 seconds
Number of updated asset objects reloaded before import = 0
Number of asset objects unloaded after import = 10
========================================================================
Received Import Request.
  Time since last request: 0.000099 seconds.
  path: Assets/Objects/Games/Boyfriend/Prefabs/Cell (8).prefab
  artifactKey: Guid(01edd251173479b4fbbf8cfd4142d65f) Importer(815301076,1909f56bfc062723c751e8b465ee728b)
Start importing Assets/Objects/Games/Boyfriend/Prefabs/Cell (8).prefab using Guid(01edd251173479b4fbbf8cfd4142d65f) Importer(815301076,1909f56bfc062723c751e8b465ee728b) [PhysX] Initialized MultithreadedTaskDispatcher with 16 workers.
 -> (artifact id: '5d2347f25bc99ba0a7ed09e9199b5c2a') in 0.009697 seconds
Number of updated asset objects reloaded before import = 0
Number of asset objects unloaded after import = 10
========================================================================
Received Import Request.
  Time since last request: 0.000078 seconds.
  path: Assets/Objects/Games/Boyfriend/Prefabs/Cell (5).prefab
  artifactKey: Guid(4537657ddbea34449a3e29bd69b96c8a) Importer(815301076,1909f56bfc062723c751e8b465ee728b)
Start importing Assets/Objects/Games/Boyfriend/Prefabs/Cell (5).prefab using Guid(4537657ddbea34449a3e29bd69b96c8a) Importer(815301076,1909f56bfc062723c751e8b465ee728b) [PhysX] Initialized MultithreadedTaskDispatcher with 16 workers.
 -> (artifact id: '1d11a1f10b50108af0bbf17c5b2be1cd') in 0.008860 seconds
Number of updated asset objects reloaded before import = 0
Number of asset objects unloaded after import = 10
========================================================================
Received Import Request.
  Time since last request: 0.000060 seconds.
  path: Assets/Objects/Games/Boyfriend/Prefabs/Cell (9).prefab
  artifactKey: Guid(f0365cac61a2d764aaa14c8424b020f6) Importer(815301076,1909f56bfc062723c751e8b465ee728b)
Start importing Assets/Objects/Games/Boyfriend/Prefabs/Cell (9).prefab using Guid(f0365cac61a2d764aaa14c8424b020f6) Importer(815301076,1909f56bfc062723c751e8b465ee728b) [PhysX] Initialized MultithreadedTaskDispatcher with 16 workers.
 -> (artifact id: '8d8d9093c71fc3115355dfb0dc64d7ad') in 0.007971 seconds
Number of updated asset objects reloaded before import = 0
Number of asset objects unloaded after import = 10
========================================================================
Received Import Request.
  Time since last request: 0.000028 seconds.
  path: Assets/Objects/Games/Boyfriend/Prefabs/Cell (2).prefab
  artifactKey: Guid(afab14ca5a9f27f41acea4708ab399f9) Importer(815301076,1909f56bfc062723c751e8b465ee728b)
Start importing Assets/Objects/Games/Boyfriend/Prefabs/Cell (2).prefab using Guid(afab14ca5a9f27f41acea4708ab399f9) Importer(815301076,1909f56bfc062723c751e8b465ee728b) [PhysX] Initialized MultithreadedTaskDispatcher with 16 workers.
 -> (artifact id: '46fd0de10efed7257b45832552cec8d3') in 0.006328 seconds
Number of updated asset objects reloaded before import = 0
Number of asset objects unloaded after import = 10
========================================================================
Received Import Request.
  Time since last request: 0.000068 seconds.
  path: Assets/Objects/Games/Boyfriend/Prefabs/Cell (10).prefab
  artifactKey: Guid(b68e7c507b5ac9c45ac77f5407147600) Importer(815301076,1909f56bfc062723c751e8b465ee728b)
Start importing Assets/Objects/Games/Boyfriend/Prefabs/Cell (10).prefab using Guid(b68e7c507b5ac9c45ac77f5407147600) Importer(815301076,1909f56bfc062723c751e8b465ee728b) [PhysX] Initialized MultithreadedTaskDispatcher with 16 workers.
 -> (artifact id: '5c36171982f0c086d0c5e2a50e200afd') in 0.009987 seconds
Number of updated asset objects reloaded before import = 0
Number of asset objects unloaded after import = 10
========================================================================
Received Import Request.
  Time since last request: 0.000083 seconds.
  path: Assets/Objects/Games/Boyfriend/Prefabs/Cell (12).prefab
  artifactKey: Guid(e08acff33df5b0342ba978ad1733f811) Importer(815301076,1909f56bfc062723c751e8b465ee728b)
Start importing Assets/Objects/Games/Boyfriend/Prefabs/Cell (12).prefab using Guid(e08acff33df5b0342ba978ad1733f811) Importer(815301076,1909f56bfc062723c751e8b465ee728b) [PhysX] Initialized MultithreadedTaskDispatcher with 16 workers.
 -> (artifact id: 'eae07eaa6034a3f3a73ce734a91f2c2a') in 0.009893 seconds
Number of updated asset objects reloaded before import = 0
Number of asset objects unloaded after import = 10
========================================================================
Received Import Request.
  Time since last request: 0.000049 seconds.
  path: Assets/Objects/Games/Boyfriend/Prefabs/Cell (6).prefab
  artifactKey: Guid(cf827a357c298994ca337b979b54f66e) Importer(815301076,1909f56bfc062723c751e8b465ee728b)
Start importing Assets/Objects/Games/Boyfriend/Prefabs/Cell (6).prefab using Guid(cf827a357c298994ca337b979b54f66e) Importer(815301076,1909f56bfc062723c751e8b465ee728b) [PhysX] Initialized MultithreadedTaskDispatcher with 16 workers.
 -> (artifact id: '15addbef8626358056a39ed5ad0ed350') in 0.010162 seconds
Number of updated asset objects reloaded before import = 0
Number of asset objects unloaded after import = 10
========================================================================
Received Import Request.
  Time since last request: 0.000057 seconds.
  path: Assets/Objects/Games/Boyfriend/Prefabs/Cell (1).prefab
  artifactKey: Guid(13c629e021c2e684b86b80566ec160d5) Importer(815301076,1909f56bfc062723c751e8b465ee728b)
Start importing Assets/Objects/Games/Boyfriend/Prefabs/Cell (1).prefab using Guid(13c629e021c2e684b86b80566ec160d5) Importer(815301076,1909f56bfc062723c751e8b465ee728b) [PhysX] Initialized MultithreadedTaskDispatcher with 16 workers.
 -> (artifact id: '9d21a2311209690542467460f9bbc6f0') in 0.009049 seconds
Number of updated asset objects reloaded before import = 0
Number of asset objects unloaded after import = 10
========================================================================
Received Import Request.
  Time since last request: 0.000061 seconds.
  path: Assets/Objects/Games/Boyfriend/Prefabs/Cell (15).prefab
  artifactKey: Guid(670f2546dbe589e4189b176ce07a3f25) Importer(815301076,1909f56bfc062723c751e8b465ee728b)
Start importing Assets/Objects/Games/Boyfriend/Prefabs/Cell (15).prefab using Guid(670f2546dbe589e4189b176ce07a3f25) Importer(815301076,1909f56bfc062723c751e8b465ee728b) [PhysX] Initialized MultithreadedTaskDispatcher with 16 workers.
 -> (artifact id: '9ec915d106beca3f0057f4c71a52710f') in 0.009338 seconds
Number of updated asset objects reloaded before import = 0
Number of asset objects unloaded after import = 10
========================================================================
Received Import Request.
  Time since last request: 14.863523 seconds.
  path: Assets/Objects/Games/Boyfriend/Boyfriend.asset
  artifactKey: Guid(27938462123b4e647b4c564250764fc8) Importer(815301076,1909f56bfc062723c751e8b465ee728b)
Start importing Assets/Objects/Games/Boyfriend/Boyfriend.asset using Guid(27938462123b4e647b4c564250764fc8) Importer(815301076,1909f56bfc062723c751e8b465ee728b) [PhysX] Initialized MultithreadedTaskDispatcher with 16 workers.
 -> (artifact id: '94bce1100126b7c65350203fb8574572') in 0.007423 seconds
Number of updated asset objects reloaded before import = 0
Number of asset objects unloaded after import = 1
========================================================================
Received Import Request.
  Time since last request: 371.102442 seconds.
  path: Assets/Objects/Games/Pet Doctor Dream/Images/2.png
  artifactKey: Guid(0b6334245d0a2014aa6bc740886947a0) Importer(815301076,1909f56bfc062723c751e8b465ee728b)
Start importing Assets/Objects/Games/Pet Doctor Dream/Images/2.png using Guid(0b6334245d0a2014aa6bc740886947a0) Importer(815301076,1909f56bfc062723c751e8b465ee728b) [PhysX] Initialized MultithreadedTaskDispatcher with 16 workers.
[PhysX] Initialized MultithreadedTaskDispatcher with 16 workers.
 -> (artifact id: '05724255f3ffec9c215a50b8d42f3e29') in 0.350041 seconds
Number of updated asset objects reloaded before import = 0
Number of asset objects unloaded after import = 3
========================================================================
Received Import Request.
  Time since last request: 0.000099 seconds.
  path: Assets/Objects/Games/Pet Doctor Dream/Images/15.png
  artifactKey: Guid(db2aba5b17a9ae243bd89b6bf8b0dad2) Importer(815301076,1909f56bfc062723c751e8b465ee728b)
Start importing Assets/Objects/Games/Pet Doctor Dream/Images/15.png using Guid(db2aba5b17a9ae243bd89b6bf8b0dad2) Importer(815301076,1909f56bfc062723c751e8b465ee728b) [PhysX] Initialized MultithreadedTaskDispatcher with 16 workers.
[PhysX] Initialized MultithreadedTaskDispatcher with 16 workers.
 -> (artifact id: '54f977032d348b9fa2e1630a7a5f2cb1') in 0.062378 seconds
Number of updated asset objects reloaded before import = 0
Number of asset objects unloaded after import = 3
========================================================================
Received Import Request.
  Time since last request: 0.000103 seconds.
  path: Assets/Objects/Games/Pet Doctor Dream/Images/12.png
  artifactKey: Guid(0a8f43df3063e6344bf5df0ba2739f8c) Importer(815301076,1909f56bfc062723c751e8b465ee728b)
Start importing Assets/Objects/Games/Pet Doctor Dream/Images/12.png using Guid(0a8f43df3063e6344bf5df0ba2739f8c) Importer(815301076,1909f56bfc062723c751e8b465ee728b) [PhysX] Initialized MultithreadedTaskDispatcher with 16 workers.
[PhysX] Initialized MultithreadedTaskDispatcher with 16 workers.
 -> (artifact id: 'a3df01913b0dc011739e7020a7cc8c48') in 0.069042 seconds
Number of updated asset objects reloaded before import = 0
Number of asset objects unloaded after import = 3
========================================================================
Received Import Request.
  Time since last request: 0.000057 seconds.
  path: Assets/Objects/Games/Pet Doctor Dream/Images/14.png
  artifactKey: Guid(22b4d63b99126894cb3cde1095b6ef31) Importer(815301076,1909f56bfc062723c751e8b465ee728b)
Start importing Assets/Objects/Games/Pet Doctor Dream/Images/14.png using Guid(22b4d63b99126894cb3cde1095b6ef31) Importer(815301076,1909f56bfc062723c751e8b465ee728b) [PhysX] Initialized MultithreadedTaskDispatcher with 16 workers.
[PhysX] Initialized MultithreadedTaskDispatcher with 16 workers.
 -> (artifact id: '72915135390e796d5e4fb60ecd7e493f') in 0.066830 seconds
Number of updated asset objects reloaded before import = 0
Number of asset objects unloaded after import = 3
========================================================================
Received Import Request.
  Time since last request: 0.000056 seconds.
  path: Assets/Objects/Games/Pet Doctor Dream/Images/10.png
  artifactKey: Guid(6d75ff4033764ae4da62ef91d5fc240d) Importer(815301076,1909f56bfc062723c751e8b465ee728b)
Start importing Assets/Objects/Games/Pet Doctor Dream/Images/10.png using Guid(6d75ff4033764ae4da62ef91d5fc240d) Importer(815301076,1909f56bfc062723c751e8b465ee728b) [PhysX] Initialized MultithreadedTaskDispatcher with 16 workers.
[PhysX] Initialized MultithreadedTaskDispatcher with 16 workers.
 -> (artifact id: '8195f6576835e58a01812a68ce073cd7') in 0.070664 seconds
Number of updated asset objects reloaded before import = 0
Number of asset objects unloaded after import = 3
========================================================================
Received Import Request.
  Time since last request: 0.000083 seconds.
  path: Assets/Objects/Games/Pet Doctor Dream/Images/6.png
  artifactKey: Guid(c4c066e7b755ef743a6750a13eef6726) Importer(815301076,1909f56bfc062723c751e8b465ee728b)
Start importing Assets/Objects/Games/Pet Doctor Dream/Images/6.png using Guid(c4c066e7b755ef743a6750a13eef6726) Importer(815301076,1909f56bfc062723c751e8b465ee728b) [PhysX] Initialized MultithreadedTaskDispatcher with 16 workers.
[PhysX] Initialized MultithreadedTaskDispatcher with 16 workers.
 -> (artifact id: 'a8dcdfc80b1227d86a31060cfb16ece8') in 0.067724 seconds
Number of updated asset objects reloaded before import = 0
Number of asset objects unloaded after import = 3
========================================================================
Received Import Request.
  Time since last request: 0.000107 seconds.
  path: Assets/Objects/Games/Pet Doctor Dream/Images/8.png
  artifactKey: Guid(0df43d3ad4e73b54b90fce8403433244) Importer(815301076,1909f56bfc062723c751e8b465ee728b)
Start importing Assets/Objects/Games/Pet Doctor Dream/Images/8.png using Guid(0df43d3ad4e73b54b90fce8403433244) Importer(815301076,1909f56bfc062723c751e8b465ee728b) [PhysX] Initialized MultithreadedTaskDispatcher with 16 workers.
[PhysX] Initialized MultithreadedTaskDispatcher with 16 workers.
 -> (artifact id: '088abfc08de8a560cbe9f9bbb18f0920') in 0.065581 seconds
Number of updated asset objects reloaded before import = 0
Number of asset objects unloaded after import = 3
========================================================================
Received Import Request.
  Time since last request: 0.000099 seconds.
  path: Assets/Objects/Games/Pet Doctor Dream/Images/4.png
  artifactKey: Guid(8edb97874aff9d04a82da2bb67d6c429) Importer(815301076,1909f56bfc062723c751e8b465ee728b)
Start importing Assets/Objects/Games/Pet Doctor Dream/Images/4.png using Guid(8edb97874aff9d04a82da2bb67d6c429) Importer(815301076,1909f56bfc062723c751e8b465ee728b) [PhysX] Initialized MultithreadedTaskDispatcher with 16 workers.
[PhysX] Initialized MultithreadedTaskDispatcher with 16 workers.
 -> (artifact id: '2e55995d4401aa2a576940b25e485fbf') in 0.077319 seconds
Number of updated asset objects reloaded before import = 0
Number of asset objects unloaded after import = 3
========================================================================
Received Import Request.
  Time since last request: 0.000052 seconds.
  path: Assets/Objects/Games/Pet Doctor Dream/Images/5.png
  artifactKey: Guid(1e89d0e93a41d6540b14c7b67607e2e4) Importer(815301076,1909f56bfc062723c751e8b465ee728b)
Start importing Assets/Objects/Games/Pet Doctor Dream/Images/5.png using Guid(1e89d0e93a41d6540b14c7b67607e2e4) Importer(815301076,1909f56bfc062723c751e8b465ee728b) [PhysX] Initialized MultithreadedTaskDispatcher with 16 workers.
[PhysX] Initialized MultithreadedTaskDispatcher with 16 workers.
 -> (artifact id: '9d5990dfd201273bc9d7f1bf48d25b07') in 0.061999 seconds
Number of updated asset objects reloaded before import = 0
Number of asset objects unloaded after import = 3
========================================================================
Received Import Request.
  Time since last request: 0.000039 seconds.
  path: Assets/Objects/Games/Pet Doctor Dream/Images/7.png
  artifactKey: Guid(6927c5ee529f0dc4888677e516836e8d) Importer(815301076,1909f56bfc062723c751e8b465ee728b)
Start importing Assets/Objects/Games/Pet Doctor Dream/Images/7.png using Guid(6927c5ee529f0dc4888677e516836e8d) Importer(815301076,1909f56bfc062723c751e8b465ee728b) [PhysX] Initialized MultithreadedTaskDispatcher with 16 workers.
[PhysX] Initialized MultithreadedTaskDispatcher with 16 workers.
 -> (artifact id: '1e7d309c58e9c0c436cdd3ce5a05cf3f') in 0.062579 seconds
Number of updated asset objects reloaded before import = 0
Number of asset objects unloaded after import = 3
Editor requested this worker to shutdown with reason: Scaling down because of idle timeout
TcpMessagingSession - receive error: operation aborted. errorcode: 995, details: ќпераци€ ввода/вывода была прервана из-за завершени€ потока команд или по запросу приложени€.
AssetImportWorker is now disconnected from the server
Process exiting
Exiting without the bug reporter. Application will terminate with return code 0