Using pre-set license
Built from '2022.3/staging' branch; Version is '2022.3.50f1 (c3db7f8bf9b1) revision 12835711'; Using compiler version '192829333'; Build Type 'Release'
OS: 'Windows 10  (10.0.19045) 64bit Professional' Language: 'ru' Physical Memory: 16085 MB
BatchMode: 1, IsHumanControllingUs: 0, StartBugReporterOnCrash: 0, Is64bit: 1, IsPro: 1

COMMAND LINE ARGUMENTS:
C:\Program Files\Unity\Hub\Editor\2022.3.50f1\Editor\Unity.exe
-adb2
-batchMode
-noUpm
-name
AssetImportWorker23
-projectPath
C:/Users/SummonFly/UNITY project/DepressionGameProject/Depressive gam
-logFile
Logs/AssetImportWorker23.log
-srvPort
56107
Successfully changed project path to: C:/Users/SummonFly/UNITY project/DepressionGameProject/Depressive gam
C:/Users/SummonFly/UNITY project/DepressionGameProject/Depressive gam
[UnityMemory] Configuration Parameters - Can be set up in boot.config
    "memorysetup-bucket-allocator-granularity=16"
    "memorysetup-bucket-allocator-bucket-count=8"
    "memorysetup-bucket-allocator-block-size=33554432"
    "memorysetup-bucket-allocator-block-count=8"
    "memorysetup-main-allocator-block-size=16777216"
    "memorysetup-thread-allocator-block-size=16777216"
    "memorysetup-gfx-main-allocator-block-size=16777216"
    "memorysetup-gfx-thread-allocator-block-size=16777216"
    "memorysetup-cache-allocator-block-size=4194304"
    "memorysetup-typetree-allocator-block-size=2097152"
    "memorysetup-profiler-bucket-allocator-granularity=16"
    "memorysetup-profiler-bucket-allocator-bucket-count=8"
    "memorysetup-profiler-bucket-allocator-block-size=33554432"
    "memorysetup-profiler-bucket-allocator-block-count=8"
    "memorysetup-profiler-allocator-block-size=16777216"
    "memorysetup-profiler-editor-allocator-block-size=1048576"
    "memorysetup-temp-allocator-size-main=16777216"
    "memorysetup-job-temp-allocator-block-size=2097152"
    "memorysetup-job-temp-allocator-block-size-background=1048576"
    "memorysetup-job-temp-allocator-reduction-small-platforms=262144"
    "memorysetup-allocator-temp-initial-block-size-main=262144"
    "memorysetup-allocator-temp-initial-block-size-worker=262144"
    "memorysetup-temp-allocator-size-background-worker=32768"
    "memorysetup-temp-allocator-size-job-worker=262144"
    "memorysetup-temp-allocator-size-preload-manager=33554432"
    "memorysetup-temp-allocator-size-nav-mesh-worker=65536"
    "memorysetup-temp-allocator-size-audio-worker=65536"
    "memorysetup-temp-allocator-size-cloud-worker=32768"
    "memorysetup-temp-allocator-size-gi-baking-worker=262144"
    "memorysetup-temp-allocator-size-gfx=262144"
Player connection [27072]  Target information:

Player connection [27072]  * "[IP] 172.28.112.1 [Port] 0 [Flags] 2 [Guid] 1954356681 [EditorId] 1954356681 [Version] 1048832 [Id] WindowsEditor(7,FlyMachine) [Debug] 1 [PackageName] WindowsEditor [ProjectName] Editor" 

Player connection [27072]  * "[IP] 192.168.56.1 [Port] 0 [Flags] 2 [Guid] 1954356681 [EditorId] 1954356681 [Version] 1048832 [Id] WindowsEditor(7,FlyMachine) [Debug] 1 [PackageName] WindowsEditor [ProjectName] Editor" 

Player connection [27072]  * "[IP] 172.21.0.1 [Port] 0 [Flags] 2 [Guid] 1954356681 [EditorId] 1954356681 [Version] 1048832 [Id] WindowsEditor(7,FlyMachine) [Debug] 1 [PackageName] WindowsEditor [ProjectName] Editor" 

Player connection [27072]  * "[IP] 172.19.144.1 [Port] 0 [Flags] 2 [Guid] 1954356681 [EditorId] 1954356681 [Version] 1048832 [Id] WindowsEditor(7,FlyMachine) [Debug] 1 [PackageName] WindowsEditor [ProjectName] Editor" 

Player connection [27072]  * "[IP] 172.28.48.1 [Port] 0 [Flags] 2 [Guid] 1954356681 [EditorId] 1954356681 [Version] 1048832 [Id] WindowsEditor(7,FlyMachine) [Debug] 1 [PackageName] WindowsEditor [ProjectName] Editor" 

Player connection [27072]  * "[IP] 172.16.0.2 [Port] 0 [Flags] 2 [Guid] 1954356681 [EditorId] 1954356681 [Version] 1048832 [Id] WindowsEditor(7,FlyMachine) [Debug] 1 [PackageName] WindowsEditor [ProjectName] Editor" 

Player connection [27072]  * "[IP] 192.168.43.245 [Port] 0 [Flags] 2 [Guid] 1954356681 [EditorId] 1954356681 [Version] 1048832 [Id] WindowsEditor(7,FlyMachine) [Debug] 1 [PackageName] WindowsEditor [ProjectName] Editor" 

Player connection [27072] Host joined multi-casting on [225.0.0.222:54997]...
Player connection [27072] Host joined alternative multi-casting on [225.0.0.222:34997]...
[PhysX] Initialized MultithreadedTaskDispatcher with 16 workers.
Refreshing native plugins compatible for Editor in 66.57 ms, found 4 plugins.
Preloading 0 native plugins for Editor in 0.00 ms.
Initialize engine version: 2022.3.50f1 (c3db7f8bf9b1)
[Subsystems] Discovering subsystems at path C:/Program Files/Unity/Hub/Editor/2022.3.50f1/Editor/Data/Resources/UnitySubsystems
[Subsystems] Discovering subsystems at path C:/Users/SummonFly/UNITY project/DepressionGameProject/Depressive gam/Assets
GfxDevice: creating device client; threaded=0; jobified=0
Direct3D:
    Version:  Direct3D 11.0 [level 11.1]
    Renderer: NVIDIA GeForce RTX 3050 Ti Laptop GPU (ID=0x25a0)
    Vendor:   NVIDIA
    VRAM:     3962 MB
    Driver:   32.0.15.6590
Initialize mono
Mono path[0] = 'C:/Program Files/Unity/Hub/Editor/2022.3.50f1/Editor/Data/Managed'
Mono path[1] = 'C:/Program Files/Unity/Hub/Editor/2022.3.50f1/Editor/Data/MonoBleedingEdge/lib/mono/unityjit-win32'
Mono config path = 'C:/Program Files/Unity/Hub/Editor/2022.3.50f1/Editor/Data/MonoBleedingEdge/etc'
Using monoOptions --debugger-agent=transport=dt_socket,embedding=1,server=y,suspend=n,address=127.0.0.1:56536
Begin MonoManager ReloadAssembly
Registering precompiled unity dll's ...
Register platform support module: C:/Program Files/Unity/Hub/Editor/2022.3.50f1/Editor/Data/PlaybackEngines/WindowsStandaloneSupport/UnityEditor.WindowsStandalone.Extensions.dll
Register platform support module: C:/Program Files/Unity/Hub/Editor/2022.3.50f1/Editor/Data/PlaybackEngines/MetroSupport/UnityEditor.UWP.Extensions.dll
Registered in 0.050636 seconds.
- Loaded All Assemblies, in  1.597 seconds
Native extension for UWP target not found
Native extension for WindowsStandalone target not found
Mono: successfully reloaded assembly
- Finished resetting the current domain, in  1.301 seconds
Domain Reload Profiling: 2892ms
	BeginReloadAssembly (479ms)
		ExecutionOrderSort (0ms)
		DisableScriptedObjects (0ms)
		BackupInstance (0ms)
		ReleaseScriptingObjects (0ms)
		CreateAndSetChildDomain (4ms)
	RebuildCommonClasses (157ms)
	RebuildNativeTypeToScriptingClass (64ms)
	initialDomainReloadingComplete (264ms)
	LoadAllAssembliesAndSetupDomain (627ms)
		LoadAssemblies (467ms)
		RebuildTransferFunctionScriptingTraits (0ms)
		AnalyzeDomain (617ms)
			TypeCache.Refresh (613ms)
				TypeCache.ScanAssembly (559ms)
			ScanForSourceGeneratedMonoScriptInfo (1ms)
			ResolveRequiredComponents (2ms)
	FinalizeReload (1302ms)
		ReleaseScriptCaches (0ms)
		RebuildScriptCaches (0ms)
		SetupLoadedEditorAssemblies (1070ms)
			LogAssemblyErrors (0ms)
			InitializePlatformSupportModulesInManaged (65ms)
			SetLoadedEditorAssemblies (32ms)
			RefreshPlugins (0ms)
			BeforeProcessingInitializeOnLoad (13ms)
			ProcessInitializeOnLoadAttributes (744ms)
			ProcessInitializeOnLoadMethodAttributes (214ms)
			AfterProcessingInitializeOnLoad (0ms)
			EditorAssembliesLoaded (1ms)
		ExecutionOrderSort2 (0ms)
		AwakeInstancesAfterBackupRestoration (0ms)
========================================================================
Worker process is ready to serve import requests
Caller must complete domain reload
Begin MonoManager ReloadAssembly
- Loaded All Assemblies, in  3.311 seconds
Native extension for UWP target not found
Native extension for WindowsStandalone target not found
Package Manager log level set to [2]
[Package Manager] Server::EnsureServerProcessIsRunning -- launch failed, reason: Unity was launched with the -noUpm command-line argument
[Package Manager] UpmClient::Send -- Unable to send message (not connected to UPM process).
[Package Manager] Cannot connect to Unity Package Manager local server
Mono: successfully reloaded assembly
- Finished resetting the current domain, in  3.858 seconds
Domain Reload Profiling: 7155ms
	BeginReloadAssembly (618ms)
		ExecutionOrderSort (0ms)
		DisableScriptedObjects (21ms)
		BackupInstance (0ms)
		ReleaseScriptingObjects (0ms)
		CreateAndSetChildDomain (83ms)
	RebuildCommonClasses (120ms)
	RebuildNativeTypeToScriptingClass (52ms)
	initialDomainReloadingComplete (221ms)
	LoadAllAssembliesAndSetupDomain (2282ms)
		LoadAssemblies (1806ms)
		RebuildTransferFunctionScriptingTraits (0ms)
		AnalyzeDomain (859ms)
			TypeCache.Refresh (723ms)
				TypeCache.ScanAssembly (666ms)
			ScanForSourceGeneratedMonoScriptInfo (107ms)
			ResolveRequiredComponents (25ms)
	FinalizeReload (3861ms)
		ReleaseScriptCaches (0ms)
		RebuildScriptCaches (0ms)
		SetupLoadedEditorAssemblies (3130ms)
			LogAssemblyErrors (0ms)
			InitializePlatformSupportModulesInManaged (30ms)
			SetLoadedEditorAssemblies (18ms)
			RefreshPlugins (0ms)
			BeforeProcessingInitializeOnLoad (505ms)
			ProcessInitializeOnLoadAttributes (2322ms)
			ProcessInitializeOnLoadMethodAttributes (209ms)
			AfterProcessingInitializeOnLoad (45ms)
			EditorAssembliesLoaded (1ms)
		ExecutionOrderSort2 (0ms)
		AwakeInstancesAfterBackupRestoration (33ms)
Launched and connected shader compiler UnityShaderCompiler.exe after 0.15 seconds
Refreshing native plugins compatible for Editor in 26.16 ms, found 4 plugins.
Preloading 0 native plugins for Editor in 0.00 ms.
Unloading 4383 Unused Serialized files (Serialized files now loaded: 0)
Unloading 42 unused Assets / (241.6 KB). Loaded Objects now: 4867.
Memory consumption went from 156.4 MB to 156.1 MB.
Total: 10.892800 ms (FindLiveObjects: 0.683600 ms CreateObjectMapping: 0.408100 ms MarkObjects: 9.434000 ms  DeleteObjects: 0.365000 ms)

AssetImportParameters requested are different than current active one (requested -> active):
  custom:container-demuxer-ogg: 62fdf1f143b41e24485cea50d1cbac27 -> 
  custom:video-decoder-ogg-theora: a1e56fd34408186e4bbccfd4996cb3dc -> 
  custom:framework-win-MediaFoundation: 216162199b28c13a410421893ffa2e32 -> 
  custom:CustomObjectIndexerAttribute: 9a22284fe3817be447336de3de66b15e -> 
  custom:container-demuxer-webm: 4f35f7cbe854078d1ac9338744f61a02 -> 
  custom:container-muxer-webm: aa71ff27fc2769a1b78a27578f13a17b -> 
  custom:video-decoder-webm-vp8: 9c59270c3fd7afecdb556c50c9e8de78 -> 
  custom:SearchIndexIgnoredProperties: e643bd26f0fe6173181afceb89e7c659 -> 
  custom:AudioImporter_EditorPlatform: d09bf68614088b80899f8185d706f6e7 -> 
  custom:video-encoder-webm-vp8: eb34c28f22e8b96e1ab97ce403110664 -> 
  custom:audio-decoder-ogg-vorbis: bf7c407c2cedff20999df2af8eb42d56 -> 
  custom:audio-encoder-webm-vorbis: bf7c407c2cedff20999df2af8eb42d56 -> 
========================================================================
Received Prepare
Caller must complete domain reload
Begin MonoManager ReloadAssembly
- Loaded All Assemblies, in  4.158 seconds
Native extension for UWP target not found
Native extension for WindowsStandalone target not found
[Package Manager] Server::EnsureServerProcessIsRunning -- launch failed, reason: Unity was launched with the -noUpm command-line argument
[Package Manager] UpmClient::Send -- Unable to send message (not connected to UPM process).
[Package Manager] Cannot connect to Unity Package Manager local server
Mono: successfully reloaded assembly
- Finished resetting the current domain, in  3.723 seconds
Domain Reload Profiling: 7869ms
	BeginReloadAssembly (2407ms)
		ExecutionOrderSort (0ms)
		DisableScriptedObjects (1753ms)
		BackupInstance (0ms)
		ReleaseScriptingObjects (0ms)
		CreateAndSetChildDomain (155ms)
	RebuildCommonClasses (165ms)
	RebuildNativeTypeToScriptingClass (41ms)
	initialDomainReloadingComplete (141ms)
	LoadAllAssembliesAndSetupDomain (1390ms)
		LoadAssemblies (1731ms)
		RebuildTransferFunctionScriptingTraits (0ms)
		AnalyzeDomain (51ms)
			TypeCache.Refresh (21ms)
				TypeCache.ScanAssembly (0ms)
			ScanForSourceGeneratedMonoScriptInfo (1ms)
			ResolveRequiredComponents (27ms)
	FinalizeReload (3726ms)
		ReleaseScriptCaches (0ms)
		RebuildScriptCaches (0ms)
		SetupLoadedEditorAssemblies (2959ms)
			LogAssemblyErrors (0ms)
			InitializePlatformSupportModulesInManaged (44ms)
			SetLoadedEditorAssemblies (27ms)
			RefreshPlugins (0ms)
			BeforeProcessingInitializeOnLoad (567ms)
			ProcessInitializeOnLoadAttributes (2129ms)
			ProcessInitializeOnLoadMethodAttributes (151ms)
			AfterProcessingInitializeOnLoad (39ms)
			EditorAssembliesLoaded (1ms)
		ExecutionOrderSort2 (0ms)
		AwakeInstancesAfterBackupRestoration (68ms)
Refreshing native plugins compatible for Editor in 21.96 ms, found 4 plugins.
Preloading 0 native plugins for Editor in 0.00 ms.
Unloading 4366 Unused Serialized files (Serialized files now loaded: 0)
Unloading 27 unused Assets / (214.0 KB). Loaded Objects now: 4873.
Memory consumption went from 152.6 MB to 152.4 MB.
Total: 10.367700 ms (FindLiveObjects: 0.842500 ms CreateObjectMapping: 0.469600 ms MarkObjects: 8.563700 ms  DeleteObjects: 0.488700 ms)

Prepare: number of updated asset objects reloaded= 0
AssetImportParameters requested are different than current active one (requested -> active):
  custom:container-demuxer-ogg: 62fdf1f143b41e24485cea50d1cbac27 -> 
  custom:video-decoder-ogg-theora: a1e56fd34408186e4bbccfd4996cb3dc -> 
  custom:framework-win-MediaFoundation: 216162199b28c13a410421893ffa2e32 -> 
  custom:CustomObjectIndexerAttribute: 9a22284fe3817be447336de3de66b15e -> 
  custom:container-demuxer-webm: 4f35f7cbe854078d1ac9338744f61a02 -> 
  custom:container-muxer-webm: aa71ff27fc2769a1b78a27578f13a17b -> 
  custom:video-decoder-webm-vp8: 9c59270c3fd7afecdb556c50c9e8de78 -> 
  custom:SearchIndexIgnoredProperties: e643bd26f0fe6173181afceb89e7c659 -> 
  custom:AudioImporter_EditorPlatform: d09bf68614088b80899f8185d706f6e7 -> 
  custom:video-encoder-webm-vp8: eb34c28f22e8b96e1ab97ce403110664 -> 
  custom:audio-decoder-ogg-vorbis: bf7c407c2cedff20999df2af8eb42d56 -> 
  custom:audio-encoder-webm-vorbis: bf7c407c2cedff20999df2af8eb42d56 -> 
========================================================================
Received Prepare
Caller must complete domain reload
Begin MonoManager ReloadAssembly
- Loaded All Assemblies, in  2.132 seconds
Native extension for UWP target not found
Native extension for WindowsStandalone target not found
[Package Manager] Server::EnsureServerProcessIsRunning -- launch failed, reason: Unity was launched with the -noUpm command-line argument
[Package Manager] UpmClient::Send -- Unable to send message (not connected to UPM process).
[Package Manager] Cannot connect to Unity Package Manager local server
Mono: successfully reloaded assembly
- Finished resetting the current domain, in  5.221 seconds
Domain Reload Profiling: 7337ms
	BeginReloadAssembly (588ms)
		ExecutionOrderSort (0ms)
		DisableScriptedObjects (54ms)
		BackupInstance (0ms)
		ReleaseScriptingObjects (0ms)
		CreateAndSetChildDomain (113ms)
	RebuildCommonClasses (141ms)
	RebuildNativeTypeToScriptingClass (47ms)
	initialDomainReloadingComplete (139ms)
	LoadAllAssembliesAndSetupDomain (1200ms)
		LoadAssemblies (1471ms)
		RebuildTransferFunctionScriptingTraits (0ms)
		AnalyzeDomain (52ms)
			TypeCache.Refresh (22ms)
				TypeCache.ScanAssembly (0ms)
			ScanForSourceGeneratedMonoScriptInfo (1ms)
			ResolveRequiredComponents (27ms)
	FinalizeReload (5222ms)
		ReleaseScriptCaches (0ms)
		RebuildScriptCaches (0ms)
		SetupLoadedEditorAssemblies (2850ms)
			LogAssemblyErrors (0ms)
			InitializePlatformSupportModulesInManaged (32ms)
			SetLoadedEditorAssemblies (21ms)
			RefreshPlugins (0ms)
			BeforeProcessingInitializeOnLoad (534ms)
			ProcessInitializeOnLoadAttributes (2077ms)
			ProcessInitializeOnLoadMethodAttributes (153ms)
			AfterProcessingInitializeOnLoad (31ms)
			EditorAssembliesLoaded (1ms)
		ExecutionOrderSort2 (0ms)
		AwakeInstancesAfterBackupRestoration (52ms)
Refreshing native plugins compatible for Editor in 7.43 ms, found 4 plugins.
Preloading 0 native plugins for Editor in 0.00 ms.
Unloading 4365 Unused Serialized files (Serialized files now loaded: 0)
Unloading 27 unused Assets / (214.0 KB). Loaded Objects now: 4877.
Memory consumption went from 152.6 MB to 152.4 MB.
Total: 11.473900 ms (FindLiveObjects: 0.629000 ms CreateObjectMapping: 0.424300 ms MarkObjects: 9.947900 ms  DeleteObjects: 0.469800 ms)

Prepare: number of updated asset objects reloaded= 0
AssetImportParameters requested are different than current active one (requested -> active):
  custom:container-demuxer-ogg: 62fdf1f143b41e24485cea50d1cbac27 -> 
  custom:video-decoder-ogg-theora: a1e56fd34408186e4bbccfd4996cb3dc -> 
  custom:framework-win-MediaFoundation: 216162199b28c13a410421893ffa2e32 -> 
  custom:CustomObjectIndexerAttribute: 9a22284fe3817be447336de3de66b15e -> 
  custom:container-demuxer-webm: 4f35f7cbe854078d1ac9338744f61a02 -> 
  custom:container-muxer-webm: aa71ff27fc2769a1b78a27578f13a17b -> 
  custom:video-decoder-webm-vp8: 9c59270c3fd7afecdb556c50c9e8de78 -> 
  custom:SearchIndexIgnoredProperties: e643bd26f0fe6173181afceb89e7c659 -> 
  custom:AudioImporter_EditorPlatform: d09bf68614088b80899f8185d706f6e7 -> 
  custom:video-encoder-webm-vp8: eb34c28f22e8b96e1ab97ce403110664 -> 
  custom:audio-decoder-ogg-vorbis: bf7c407c2cedff20999df2af8eb42d56 -> 
  custom:audio-encoder-webm-vorbis: bf7c407c2cedff20999df2af8eb42d56 -> 
========================================================================
Received Import Request.
  Time since last request: 265635.302807 seconds.
  path: Assets/Objects/Games/Bad Grade/Prefabs/Cell (1).prefab
  artifactKey: Guid(13cd1cf6d58722648b98967a74d50cdb) Importer(815301076,1909f56bfc062723c751e8b465ee728b)
Start importing Assets/Objects/Games/Bad Grade/Prefabs/Cell (1).prefab using Guid(13cd1cf6d58722648b98967a74d50cdb) Importer(815301076,1909f56bfc062723c751e8b465ee728b) [PhysX] Initialized MultithreadedTaskDispatcher with 16 workers.
 -> (artifact id: 'fde327321700f705e295ba5ceecd3a06') in 0.008128 seconds
Number of updated asset objects reloaded before import = 0
Number of asset objects unloaded after import = 0
========================================================================
Received Import Request.
  Time since last request: 0.007220 seconds.
  path: Assets/Objects/Games/Bad Grade/Prefabs/Cell (7).prefab
  artifactKey: Guid(833829674c12a314f9a0cbb1f797a2e5) Importer(815301076,1909f56bfc062723c751e8b465ee728b)
Start importing Assets/Objects/Games/Bad Grade/Prefabs/Cell (7).prefab using Guid(833829674c12a314f9a0cbb1f797a2e5) Importer(815301076,1909f56bfc062723c751e8b465ee728b) [PhysX] Initialized MultithreadedTaskDispatcher with 16 workers.
 -> (artifact id: 'ff5ca700bc65e8293af4c7b05b8b59b9') in 0.000937 seconds
Number of updated asset objects reloaded before import = 0
Number of asset objects unloaded after import = 0
========================================================================
Received Import Request.
  Time since last request: 0.000118 seconds.
  path: Assets/Objects/Games/Bad Grade/Prefabs/Cell (10).prefab
  artifactKey: Guid(b56878b92eef2854a8f838b390489c49) Importer(815301076,1909f56bfc062723c751e8b465ee728b)
Start importing Assets/Objects/Games/Bad Grade/Prefabs/Cell (10).prefab using Guid(b56878b92eef2854a8f838b390489c49) Importer(815301076,1909f56bfc062723c751e8b465ee728b) [PhysX] Initialized MultithreadedTaskDispatcher with 16 workers.
 -> (artifact id: 'a40d9728f1766b7be4d906cd60d96656') in 0.000710 seconds
Number of updated asset objects reloaded before import = 0
Number of asset objects unloaded after import = 0
========================================================================
Received Import Request.
  Time since last request: 0.000022 seconds.
  path: Assets/Objects/Games/Bad Grade/Prefabs/Cell (15).prefab
  artifactKey: Guid(8c409249ad0e8d442a499fe66e343ec2) Importer(815301076,1909f56bfc062723c751e8b465ee728b)
Start importing Assets/Objects/Games/Bad Grade/Prefabs/Cell (15).prefab using Guid(8c409249ad0e8d442a499fe66e343ec2) Importer(815301076,1909f56bfc062723c751e8b465ee728b) [PhysX] Initialized MultithreadedTaskDispatcher with 16 workers.
 -> (artifact id: '7794bc32c9e438579c484aad4b6f5fb9') in 0.000746 seconds
Number of updated asset objects reloaded before import = 0
Number of asset objects unloaded after import = 0
========================================================================
Received Import Request.
  Time since last request: 0.000013 seconds.
  path: Assets/Objects/Games/Bad Grade/Prefabs/Cell (9).prefab
  artifactKey: Guid(9e574aa484d54c34a84945687107ed1f) Importer(815301076,1909f56bfc062723c751e8b465ee728b)
Start importing Assets/Objects/Games/Bad Grade/Prefabs/Cell (9).prefab using Guid(9e574aa484d54c34a84945687107ed1f) Importer(815301076,1909f56bfc062723c751e8b465ee728b) [PhysX] Initialized MultithreadedTaskDispatcher with 16 workers.
 -> (artifact id: '1af7ceba9d91d048e1a24df129a30927') in 0.000895 seconds
Number of updated asset objects reloaded before import = 0
Number of asset objects unloaded after import = 0
========================================================================
Received Import Request.
  Time since last request: 0.000264 seconds.
  path: Assets/Objects/Games/Bad Grade/Prefabs/Cell (2).prefab
  artifactKey: Guid(62760f865b5609041a6cf5268a2c7a7d) Importer(815301076,1909f56bfc062723c751e8b465ee728b)
Start importing Assets/Objects/Games/Bad Grade/Prefabs/Cell (2).prefab using Guid(62760f865b5609041a6cf5268a2c7a7d) Importer(815301076,1909f56bfc062723c751e8b465ee728b) [PhysX] Initialized MultithreadedTaskDispatcher with 16 workers.
 -> (artifact id: '5a98c270cab1e5f20e04ccad03c20223') in 0.000553 seconds
Number of updated asset objects reloaded before import = 0
Number of asset objects unloaded after import = 0
========================================================================
Received Import Request.
  Time since last request: 0.000309 seconds.
  path: Assets/Objects/Games/Bad Grade/Prefabs/Cell (3).prefab
  artifactKey: Guid(de2cec2a121c5d84280a3afd7de2bbd8) Importer(815301076,1909f56bfc062723c751e8b465ee728b)
Start importing Assets/Objects/Games/Bad Grade/Prefabs/Cell (3).prefab using Guid(de2cec2a121c5d84280a3afd7de2bbd8) Importer(815301076,1909f56bfc062723c751e8b465ee728b) [PhysX] Initialized MultithreadedTaskDispatcher with 16 workers.
 -> (artifact id: 'bb190cba5822fc3c5c9f0b8eaaddffe1') in 0.000598 seconds
Number of updated asset objects reloaded before import = 0
Number of asset objects unloaded after import = 0
========================================================================
Received Import Request.
  Time since last request: 3.987808 seconds.
  path: Assets/Objects/Games/Bad Grade/Prefabs/Cell (1).prefab
  artifactKey: Guid(13cd1cf6d58722648b98967a74d50cdb) Importer(815301076,1909f56bfc062723c751e8b465ee728b)
Start importing Assets/Objects/Games/Bad Grade/Prefabs/Cell (1).prefab using Guid(13cd1cf6d58722648b98967a74d50cdb) Importer(815301076,1909f56bfc062723c751e8b465ee728b) [PhysX] Initialized MultithreadedTaskDispatcher with 16 workers.
 -> (artifact id: 'aedb527b54e9eb9ed39475f02e89636a') in 0.000893 seconds
Number of updated asset objects reloaded before import = 0
Number of asset objects unloaded after import = 0
========================================================================
Received Import Request.
  Time since last request: 0.000023 seconds.
  path: Assets/Objects/Games/Bad Grade/Prefabs/Cell (8).prefab
  artifactKey: Guid(e93c6dfe7b598b549a5047915132c9ac) Importer(815301076,1909f56bfc062723c751e8b465ee728b)
Start importing Assets/Objects/Games/Bad Grade/Prefabs/Cell (8).prefab using Guid(e93c6dfe7b598b549a5047915132c9ac) Importer(815301076,1909f56bfc062723c751e8b465ee728b) [PhysX] Initialized MultithreadedTaskDispatcher with 16 workers.
 -> (artifact id: 'dcb2eacd86170008d8bcb5bab2cf7c4a') in 0.000678 seconds
Number of updated asset objects reloaded before import = 0
Number of asset objects unloaded after import = 0
========================================================================
Received Import Request.
  Time since last request: 0.000105 seconds.
  path: Assets/Objects/Games/Bad Grade/Prefabs/Cell (10).prefab
  artifactKey: Guid(b56878b92eef2854a8f838b390489c49) Importer(815301076,1909f56bfc062723c751e8b465ee728b)
Start importing Assets/Objects/Games/Bad Grade/Prefabs/Cell (10).prefab using Guid(b56878b92eef2854a8f838b390489c49) Importer(815301076,1909f56bfc062723c751e8b465ee728b) [PhysX] Initialized MultithreadedTaskDispatcher with 16 workers.
 -> (artifact id: '0ab306f1f143421d1421ed0aa80b3b59') in 0.000727 seconds
Number of updated asset objects reloaded before import = 0
Number of asset objects unloaded after import = 0
========================================================================
Received Import Request.
  Time since last request: 0.000022 seconds.
  path: Assets/Objects/Games/Bad Grade/Prefabs/Cell (12).prefab
  artifactKey: Guid(f8ff111357b00554590e3c8a931a7bfd) Importer(815301076,1909f56bfc062723c751e8b465ee728b)
Start importing Assets/Objects/Games/Bad Grade/Prefabs/Cell (12).prefab using Guid(f8ff111357b00554590e3c8a931a7bfd) Importer(815301076,1909f56bfc062723c751e8b465ee728b) [PhysX] Initialized MultithreadedTaskDispatcher with 16 workers.
 -> (artifact id: '26bfbbb22985a51d37783e5d5cfbd887') in 0.000474 seconds
Number of updated asset objects reloaded before import = 0
Number of asset objects unloaded after import = 0
========================================================================
Received Import Request.
  Time since last request: 0.000155 seconds.
  path: Assets/Objects/Games/Bad Grade/Prefabs/Cell (9).prefab
  artifactKey: Guid(9e574aa484d54c34a84945687107ed1f) Importer(815301076,1909f56bfc062723c751e8b465ee728b)
Start importing Assets/Objects/Games/Bad Grade/Prefabs/Cell (9).prefab using Guid(9e574aa484d54c34a84945687107ed1f) Importer(815301076,1909f56bfc062723c751e8b465ee728b) [PhysX] Initialized MultithreadedTaskDispatcher with 16 workers.
 -> (artifact id: '8097f4670c13b6af7ed255ddf60ed147') in 0.000340 seconds
Number of updated asset objects reloaded before import = 0
Number of asset objects unloaded after import = 0
========================================================================
Received Import Request.
  Time since last request: 0.000046 seconds.
  path: Assets/Objects/Games/Bad Grade/Prefabs/Cell (2).prefab
  artifactKey: Guid(62760f865b5609041a6cf5268a2c7a7d) Importer(815301076,1909f56bfc062723c751e8b465ee728b)
Start importing Assets/Objects/Games/Bad Grade/Prefabs/Cell (2).prefab using Guid(62760f865b5609041a6cf5268a2c7a7d) Importer(815301076,1909f56bfc062723c751e8b465ee728b) [PhysX] Initialized MultithreadedTaskDispatcher with 16 workers.
 -> (artifact id: 'ac2019eae34706e9e6fba71c86b85ed4') in 0.000979 seconds
Number of updated asset objects reloaded before import = 0
Number of asset objects unloaded after import = 0
========================================================================
Received Import Request.
  Time since last request: 0.000043 seconds.
  path: Assets/Objects/Games/Bad Grade/Prefabs/Cell (11).prefab
  artifactKey: Guid(34aa4d63a5fd6324cb44aef510aa2a4e) Importer(815301076,1909f56bfc062723c751e8b465ee728b)
Start importing Assets/Objects/Games/Bad Grade/Prefabs/Cell (11).prefab using Guid(34aa4d63a5fd6324cb44aef510aa2a4e) Importer(815301076,1909f56bfc062723c751e8b465ee728b) [PhysX] Initialized MultithreadedTaskDispatcher with 16 workers.
 -> (artifact id: 'ffbff8aae0da83680eeb80a49b105fac') in 0.000589 seconds
Number of updated asset objects reloaded before import = 0
Number of asset objects unloaded after import = 0
========================================================================
Received Import Request.
  Time since last request: 11.118996 seconds.
  path: Assets/Objects/Games/Boyfriend/Prefabs/Cell (2).prefab
  artifactKey: Guid(afab14ca5a9f27f41acea4708ab399f9) Importer(815301076,1909f56bfc062723c751e8b465ee728b)
Start importing Assets/Objects/Games/Boyfriend/Prefabs/Cell (2).prefab using Guid(afab14ca5a9f27f41acea4708ab399f9) Importer(815301076,1909f56bfc062723c751e8b465ee728b) [PhysX] Initialized MultithreadedTaskDispatcher with 16 workers.
 -> (artifact id: 'ecdccd11ed05f86707805f46a3101bef') in 0.000851 seconds
Number of updated asset objects reloaded before import = 0
Number of asset objects unloaded after import = 0
========================================================================
Received Import Request.
  Time since last request: 0.000110 seconds.
  path: Assets/Objects/Games/Boyfriend/Prefabs/Cell (4).prefab
  artifactKey: Guid(c946da8f70b7bfa47a82ea3c3053bbb7) Importer(815301076,1909f56bfc062723c751e8b465ee728b)
Start importing Assets/Objects/Games/Boyfriend/Prefabs/Cell (4).prefab using Guid(c946da8f70b7bfa47a82ea3c3053bbb7) Importer(815301076,1909f56bfc062723c751e8b465ee728b) [PhysX] Initialized MultithreadedTaskDispatcher with 16 workers.
 -> (artifact id: '36b507e89bee417e0a2ff60d00a222e9') in 0.000474 seconds
Number of updated asset objects reloaded before import = 0
Number of asset objects unloaded after import = 0
========================================================================
Received Import Request.
  Time since last request: 0.000040 seconds.
  path: Assets/Objects/Games/Boyfriend/Prefabs/Cell (8).prefab
  artifactKey: Guid(01edd251173479b4fbbf8cfd4142d65f) Importer(815301076,1909f56bfc062723c751e8b465ee728b)
Start importing Assets/Objects/Games/Boyfriend/Prefabs/Cell (8).prefab using Guid(01edd251173479b4fbbf8cfd4142d65f) Importer(815301076,1909f56bfc062723c751e8b465ee728b) [PhysX] Initialized MultithreadedTaskDispatcher with 16 workers.
 -> (artifact id: '614eedaed6cd96e3a9d9267db3d6dddc') in 0.000332 seconds
Number of updated asset objects reloaded before import = 0
Number of asset objects unloaded after import = 0
========================================================================
Received Import Request.
  Time since last request: 0.000042 seconds.
  path: Assets/Objects/Games/Boyfriend/Prefabs/Cell (11).prefab
  artifactKey: Guid(e721b1afd90d11a45b8f74324170e17a) Importer(815301076,1909f56bfc062723c751e8b465ee728b)
Start importing Assets/Objects/Games/Boyfriend/Prefabs/Cell (11).prefab using Guid(e721b1afd90d11a45b8f74324170e17a) Importer(815301076,1909f56bfc062723c751e8b465ee728b) [PhysX] Initialized MultithreadedTaskDispatcher with 16 workers.
 -> (artifact id: '278b2669cb6f6f94992884755483829c') in 0.000302 seconds
Number of updated asset objects reloaded before import = 0
Number of asset objects unloaded after import = 0
========================================================================
Received Import Request.
  Time since last request: 0.000048 seconds.
  path: Assets/Objects/Games/Boyfriend/Prefabs/Cell (9).prefab
  artifactKey: Guid(f0365cac61a2d764aaa14c8424b020f6) Importer(815301076,1909f56bfc062723c751e8b465ee728b)
Start importing Assets/Objects/Games/Boyfriend/Prefabs/Cell (9).prefab using Guid(f0365cac61a2d764aaa14c8424b020f6) Importer(815301076,1909f56bfc062723c751e8b465ee728b) [PhysX] Initialized MultithreadedTaskDispatcher with 16 workers.
 -> (artifact id: '4bacd66e8bd2c0173c00ab0911294597') in 0.000286 seconds
Number of updated asset objects reloaded before import = 0
Number of asset objects unloaded after import = 0
========================================================================
Received Import Request.
  Time since last request: 0.000017 seconds.
  path: Assets/Objects/Games/Boyfriend/Prefabs/Cell (6).prefab
  artifactKey: Guid(cf827a357c298994ca337b979b54f66e) Importer(815301076,1909f56bfc062723c751e8b465ee728b)
Start importing Assets/Objects/Games/Boyfriend/Prefabs/Cell (6).prefab using Guid(cf827a357c298994ca337b979b54f66e) Importer(815301076,1909f56bfc062723c751e8b465ee728b) [PhysX] Initialized MultithreadedTaskDispatcher with 16 workers.
 -> (artifact id: '79c3011fec2cd740d3595930edbdb35e') in 0.000326 seconds
Number of updated asset objects reloaded before import = 0
Number of asset objects unloaded after import = 0
========================================================================
Received Import Request.
  Time since last request: 0.000011 seconds.
  path: Assets/Objects/Games/Boyfriend/Prefabs/Cell (7).prefab
  artifactKey: Guid(f96c6d284638256429b459c04507a6af) Importer(815301076,1909f56bfc062723c751e8b465ee728b)
Start importing Assets/Objects/Games/Boyfriend/Prefabs/Cell (7).prefab using Guid(f96c6d284638256429b459c04507a6af) Importer(815301076,1909f56bfc062723c751e8b465ee728b) [PhysX] Initialized MultithreadedTaskDispatcher with 16 workers.
 -> (artifact id: '60e38b88f0d5a1881a39881416d095d3') in 0.000484 seconds
Number of updated asset objects reloaded before import = 0
Number of asset objects unloaded after import = 0
========================================================================
Received Import Request.
  Time since last request: 0.000037 seconds.
  path: Assets/Objects/Games/Boyfriend/Prefabs/Cell (13).prefab
  artifactKey: Guid(07b3191bb16869947a26b7fa9bff9fc8) Importer(815301076,1909f56bfc062723c751e8b465ee728b)
Start importing Assets/Objects/Games/Boyfriend/Prefabs/Cell (13).prefab using Guid(07b3191bb16869947a26b7fa9bff9fc8) Importer(815301076,1909f56bfc062723c751e8b465ee728b) [PhysX] Initialized MultithreadedTaskDispatcher with 16 workers.
 -> (artifact id: 'a7f376a382c81327eab3c0c17afc6621') in 0.000344 seconds
Number of updated asset objects reloaded before import = 0
Number of asset objects unloaded after import = 0
========================================================================
Received Import Request.
  Time since last request: 9.855594 seconds.
  path: Assets/Objects/Games/Pet Doctor Dream/Prefabs/Cell (2).prefab
  artifactKey: Guid(db064445c1af0a6478f083cdf656a98d) Importer(815301076,1909f56bfc062723c751e8b465ee728b)
Start importing Assets/Objects/Games/Pet Doctor Dream/Prefabs/Cell (2).prefab using Guid(db064445c1af0a6478f083cdf656a98d) Importer(815301076,1909f56bfc062723c751e8b465ee728b) [PhysX] Initialized MultithreadedTaskDispatcher with 16 workers.
 -> (artifact id: 'c73c96bc2dd9b7c427e1a18226605350') in 0.000906 seconds
Number of updated asset objects reloaded before import = 0
Number of asset objects unloaded after import = 0
========================================================================
Received Import Request.
  Time since last request: 0.002633 seconds.
  path: Assets/Objects/Games/Pet Doctor Dream/Prefabs/Cell (6).prefab
  artifactKey: Guid(0edb6cdbefc218746b732dee57214dc9) Importer(815301076,1909f56bfc062723c751e8b465ee728b)
Start importing Assets/Objects/Games/Pet Doctor Dream/Prefabs/Cell (6).prefab using Guid(0edb6cdbefc218746b732dee57214dc9) Importer(815301076,1909f56bfc062723c751e8b465ee728b) [PhysX] Initialized MultithreadedTaskDispatcher with 16 workers.
 -> (artifact id: 'e522c4c1b0158d1735414baee54d9d47') in 0.000511 seconds
Number of updated asset objects reloaded before import = 0
Number of asset objects unloaded after import = 0
========================================================================
Received Import Request.
  Time since last request: 0.005951 seconds.
  path: Assets/Objects/Games/Pet Doctor Dream/Prefabs/Cell (10).prefab
  artifactKey: Guid(5e10d7ffc72bef546bfb62b39d9bed4b) Importer(815301076,1909f56bfc062723c751e8b465ee728b)
Start importing Assets/Objects/Games/Pet Doctor Dream/Prefabs/Cell (10).prefab using Guid(5e10d7ffc72bef546bfb62b39d9bed4b) Importer(815301076,1909f56bfc062723c751e8b465ee728b) [PhysX] Initialized MultithreadedTaskDispatcher with 16 workers.
 -> (artifact id: '57ab454251f2a1c8d3030d9bb8cb9fb4') in 0.000440 seconds
Number of updated asset objects reloaded before import = 0
Number of asset objects unloaded after import = 0
========================================================================
Received Import Request.
  Time since last request: 0.002966 seconds.
  path: Assets/Objects/Games/Pet Doctor Dream/Prefabs/Cell (13).prefab
  artifactKey: Guid(23debb29f7302be42aaad374aeb1a856) Importer(815301076,1909f56bfc062723c751e8b465ee728b)
Start importing Assets/Objects/Games/Pet Doctor Dream/Prefabs/Cell (13).prefab using Guid(23debb29f7302be42aaad374aeb1a856) Importer(815301076,1909f56bfc062723c751e8b465ee728b) [PhysX] Initialized MultithreadedTaskDispatcher with 16 workers.
 -> (artifact id: 'ef1b66c0a5e4ec94d58287ed5a9f8f2c') in 0.000776 seconds
Number of updated asset objects reloaded before import = 0
Number of asset objects unloaded after import = 0
========================================================================
Received Import Request.
  Time since last request: 9.822788 seconds.
  path: Assets/Objects/Games/School Friend/Prefabs/Cell (2).prefab
  artifactKey: Guid(12b477db09cfd164494a6600483a6219) Importer(815301076,1909f56bfc062723c751e8b465ee728b)
Start importing Assets/Objects/Games/School Friend/Prefabs/Cell (2).prefab using Guid(12b477db09cfd164494a6600483a6219) Importer(815301076,1909f56bfc062723c751e8b465ee728b) [PhysX] Initialized MultithreadedTaskDispatcher with 16 workers.
 -> (artifact id: 'a8be6eed3d3c68c574542cc1a103601a') in 0.000794 seconds
Number of updated asset objects reloaded before import = 0
Number of asset objects unloaded after import = 0
========================================================================
Received Import Request.
  Time since last request: 0.000482 seconds.
  path: Assets/Objects/Games/School Friend/Prefabs/Cell (5).prefab
  artifactKey: Guid(cf10ffdbbfbe1ab45b8121b525a8edc9) Importer(815301076,1909f56bfc062723c751e8b465ee728b)
Start importing Assets/Objects/Games/School Friend/Prefabs/Cell (5).prefab using Guid(cf10ffdbbfbe1ab45b8121b525a8edc9) Importer(815301076,1909f56bfc062723c751e8b465ee728b) [PhysX] Initialized MultithreadedTaskDispatcher with 16 workers.
 -> (artifact id: 'd97d94e4e60062d11887c7e211021cc0') in 0.000560 seconds
Number of updated asset objects reloaded before import = 0
Number of asset objects unloaded after import = 0
========================================================================
Received Import Request.
  Time since last request: 0.008375 seconds.
  path: Assets/Objects/Games/School Friend/Prefabs/Cell (10).prefab
  artifactKey: Guid(6c7d386e53fc6d246bf1549567388755) Importer(815301076,1909f56bfc062723c751e8b465ee728b)
Start importing Assets/Objects/Games/School Friend/Prefabs/Cell (10).prefab using Guid(6c7d386e53fc6d246bf1549567388755) Importer(815301076,1909f56bfc062723c751e8b465ee728b) [PhysX] Initialized MultithreadedTaskDispatcher with 16 workers.
 -> (artifact id: 'f6045166ac3c2406101a26fb5435d0fa') in 0.000509 seconds
Number of updated asset objects reloaded before import = 0
Number of asset objects unloaded after import = 0
========================================================================
Received Import Request.
  Time since last request: 15.446508 seconds.
  path: Assets/Objects/Games/Study Bad/Prefabs/Cell (2).prefab
  artifactKey: Guid(a9f545aee2c062b4894a648f87cb506c) Importer(815301076,1909f56bfc062723c751e8b465ee728b)
Start importing Assets/Objects/Games/Study Bad/Prefabs/Cell (2).prefab using Guid(a9f545aee2c062b4894a648f87cb506c) Importer(815301076,1909f56bfc062723c751e8b465ee728b) [PhysX] Initialized MultithreadedTaskDispatcher with 16 workers.
 -> (artifact id: '9972d7642a8dbddbc974f1567334e7f6') in 0.000815 seconds
Number of updated asset objects reloaded before import = 0
Number of asset objects unloaded after import = 0
========================================================================
Received Import Request.
  Time since last request: 0.016546 seconds.
  path: Assets/Objects/Games/Study Bad/Prefabs/Cell (11).prefab
  artifactKey: Guid(a63c8d9a829d5834090fce9c01adc067) Importer(815301076,1909f56bfc062723c751e8b465ee728b)
Start importing Assets/Objects/Games/Study Bad/Prefabs/Cell (11).prefab using Guid(a63c8d9a829d5834090fce9c01adc067) Importer(815301076,1909f56bfc062723c751e8b465ee728b) [PhysX] Initialized MultithreadedTaskDispatcher with 16 workers.
 -> (artifact id: '96712d22ca1d1caf3617715c0f413084') in 0.000881 seconds
Number of updated asset objects reloaded before import = 0
Number of asset objects unloaded after import = 0
========================================================================
Received Import Request.
  Time since last request: 8.683338 seconds.
  path: Assets/Objects/Games/Suiside Moment/Prefabs/Cell (2).prefab
  artifactKey: Guid(559d32065c911594f81a72b44f4c8b23) Importer(815301076,1909f56bfc062723c751e8b465ee728b)
Start importing Assets/Objects/Games/Suiside Moment/Prefabs/Cell (2).prefab using Guid(559d32065c911594f81a72b44f4c8b23) Importer(815301076,1909f56bfc062723c751e8b465ee728b) [PhysX] Initialized MultithreadedTaskDispatcher with 16 workers.
 -> (artifact id: '11a90f02971782dd78c07af2b13b9be9') in 0.000919 seconds
Number of updated asset objects reloaded before import = 0
Number of asset objects unloaded after import = 0
========================================================================
Received Prepare
Caller must complete domain reload
Begin MonoManager ReloadAssembly
- Loaded All Assemblies, in  0.626 seconds
Native extension for UWP target not found
Native extension for WindowsStandalone target not found
[Package Manager] Server::EnsureServerProcessIsRunning -- launch failed, reason: Unity was launched with the -noUpm command-line argument
[Package Manager] UpmClient::Send -- Unable to send message (not connected to UPM process).
[Package Manager] Cannot connect to Unity Package Manager local server
Mono: successfully reloaded assembly
- Finished resetting the current domain, in  1.596 seconds
Domain Reload Profiling: 2218ms
	BeginReloadAssembly (192ms)
		ExecutionOrderSort (0ms)
		DisableScriptedObjects (12ms)
		BackupInstance (0ms)
		ReleaseScriptingObjects (0ms)
		CreateAndSetChildDomain (46ms)
	RebuildCommonClasses (46ms)
	RebuildNativeTypeToScriptingClass (13ms)
	initialDomainReloadingComplete (34ms)
	LoadAllAssembliesAndSetupDomain (337ms)
		LoadAssemblies (412ms)
		RebuildTransferFunctionScriptingTraits (0ms)
		AnalyzeDomain (20ms)
			TypeCache.Refresh (8ms)
				TypeCache.ScanAssembly (0ms)
			ScanForSourceGeneratedMonoScriptInfo (0ms)
			ResolveRequiredComponents (10ms)
	FinalizeReload (1597ms)
		ReleaseScriptCaches (0ms)
		RebuildScriptCaches (0ms)
		SetupLoadedEditorAssemblies (907ms)
			LogAssemblyErrors (0ms)
			InitializePlatformSupportModulesInManaged (14ms)
			SetLoadedEditorAssemblies (6ms)
			RefreshPlugins (0ms)
			BeforeProcessingInitializeOnLoad (161ms)
			ProcessInitializeOnLoadAttributes (669ms)
			ProcessInitializeOnLoadMethodAttributes (47ms)
			AfterProcessingInitializeOnLoad (9ms)
			EditorAssembliesLoaded (1ms)
		ExecutionOrderSort2 (0ms)
		AwakeInstancesAfterBackupRestoration (17ms)
Refreshing native plugins compatible for Editor in 6.02 ms, found 4 plugins.
Preloading 0 native plugins for Editor in 0.00 ms.
Unloading 4364 Unused Serialized files (Serialized files now loaded: 0)
Unloading 27 unused Assets / (214.0 KB). Loaded Objects now: 4881.
Memory consumption went from 152.4 MB to 152.2 MB.
Total: 3.526800 ms (FindLiveObjects: 0.335400 ms CreateObjectMapping: 0.152900 ms MarkObjects: 2.838900 ms  DeleteObjects: 0.198500 ms)

Prepare: number of updated asset objects reloaded= 0
AssetImportParameters requested are different than current active one (requested -> active):
  custom:container-demuxer-ogg: 62fdf1f143b41e24485cea50d1cbac27 -> 
  custom:video-decoder-ogg-theora: a1e56fd34408186e4bbccfd4996cb3dc -> 
  custom:framework-win-MediaFoundation: 216162199b28c13a410421893ffa2e32 -> 
  custom:CustomObjectIndexerAttribute: 9a22284fe3817be447336de3de66b15e -> 
  custom:container-demuxer-webm: 4f35f7cbe854078d1ac9338744f61a02 -> 
  custom:container-muxer-webm: aa71ff27fc2769a1b78a27578f13a17b -> 
  custom:video-decoder-webm-vp8: 9c59270c3fd7afecdb556c50c9e8de78 -> 
  custom:SearchIndexIgnoredProperties: e643bd26f0fe6173181afceb89e7c659 -> 
  custom:AudioImporter_EditorPlatform: d09bf68614088b80899f8185d706f6e7 -> 
  custom:video-encoder-webm-vp8: eb34c28f22e8b96e1ab97ce403110664 -> 
  custom:audio-decoder-ogg-vorbis: bf7c407c2cedff20999df2af8eb42d56 -> 
  custom:audio-encoder-webm-vorbis: bf7c407c2cedff20999df2af8eb42d56 -> 
Editor requested this worker to shutdown with reason: Scaling down because of idle timeout
TcpMessagingSession - receive error: operation aborted. errorcode: 995, details: ќпераци€ ввода/вывода была прервана из-за завершени€ потока команд или по запросу приложени€.
AssetImportWorker is now disconnected from the server
Process exiting
Exiting without the bug reporter. Application will terminate with return code 0